<?xml version="1.0" encoding="UTF-8"?>
<testsuite xmlns:xsi="http://www.w3.org/2001/XMLSchema-instance" xsi:noNamespaceSchemaLocation="https://maven.apache.org/surefire/maven-surefire-plugin/xsd/surefire-test-report.xsd" name="e2eTest.CucumberTest" time="0.851" tests="3" errors="1" skipped="0" failures="0">
  <properties>
    <property name="java.specification.version" value="17"/>
    <property name="sun.cpu.isalist" value="amd64"/>
    <property name="sun.jnu.encoding" value="Cp1252"/>
    <property name="java.class.path" value="C:\Users\krist\OneDrive\Software Projekter\DTU-Pay-Grp11-3\end-to-end-tests\target\test-classes;C:\Users\krist\OneDrive\Software Projekter\DTU-Pay-Grp11-3\end-to-end-tests\target\classes;C:\Users\krist\.m2\repository\io\cucumber\cucumber-java\7.10.1\cucumber-java-7.10.1.jar;C:\Users\krist\.m2\repository\io\cucumber\cucumber-core\7.10.1\cucumber-core-7.10.1.jar;C:\Users\krist\.m2\repository\io\cucumber\cucumber-gherkin\7.10.1\cucumber-gherkin-7.10.1.jar;C:\Users\krist\.m2\repository\io\cucumber\cucumber-gherkin-messages\7.10.1\cucumber-gherkin-messages-7.10.1.jar;C:\Users\krist\.m2\repository\io\cucumber\gherkin\25.0.2\gherkin-25.0.2.jar;C:\Users\krist\.m2\repository\io\cucumber\messages\19.1.4\messages-19.1.4.jar;C:\Users\krist\.m2\repository\io\cucumber\tag-expressions\4.1.0\tag-expressions-4.1.0.jar;C:\Users\krist\.m2\repository\io\cucumber\cucumber-expressions\16.1.1\cucumber-expressions-16.1.1.jar;C:\Users\krist\.m2\repository\io\cucumber\datatable\7.10.1\datatable-7.10.1.jar;C:\Users\krist\.m2\repository\io\cucumber\cucumber-plugin\7.10.1\cucumber-plugin-7.10.1.jar;C:\Users\krist\.m2\repository\io\cucumber\docstring\7.10.1\docstring-7.10.1.jar;C:\Users\krist\.m2\repository\io\cucumber\html-formatter\20.2.0\html-formatter-20.2.0.jar;C:\Users\krist\.m2\repository\io\cucumber\ci-environment\9.1.0\ci-environment-9.1.0.jar;C:\Users\krist\.m2\repository\org\apiguardian\apiguardian-api\1.1.2\apiguardian-api-1.1.2.jar;C:\Users\krist\.m2\repository\io\cucumber\cucumber-junit\7.10.1\cucumber-junit-7.10.1.jar;C:\Users\krist\.m2\repository\junit\junit\4.13.2\junit-4.13.2.jar;C:\Users\krist\.m2\repository\org\hamcrest\hamcrest-core\1.3\hamcrest-core-1.3.jar;C:\Users\krist\.m2\repository\io\cucumber\cucumber-picocontainer\7.10.1\cucumber-picocontainer-7.10.1.jar;C:\Users\krist\.m2\repository\org\picocontainer\picocontainer\2.15\picocontainer-2.15.jar;C:\Users\krist\.m2\repository\org\junit\jupiter\junit-jupiter-engine\5.7.0\junit-jupiter-engine-5.7.0.jar;C:\Users\krist\.m2\repository\org\junit\platform\junit-platform-engine\1.7.0\junit-platform-engine-1.7.0.jar;C:\Users\krist\.m2\repository\org\opentest4j\opentest4j\1.2.0\opentest4j-1.2.0.jar;C:\Users\krist\.m2\repository\org\junit\platform\junit-platform-commons\1.7.0\junit-platform-commons-1.7.0.jar;C:\Users\krist\.m2\repository\org\junit\jupiter\junit-jupiter-api\5.7.0\junit-jupiter-api-5.7.0.jar;C:\Users\krist\.m2\repository\io\cucumber\cucumber-junit-platform-engine\7.10.1\cucumber-junit-platform-engine-7.10.1.jar;C:\Users\krist\.m2\repository\org\junit\vintage\junit-vintage-engine\5.8.1\junit-vintage-engine-5.8.1.jar;C:\Users\krist\.m2\repository\org\junit\platform\junit-platform-runner\1.8.1\junit-platform-runner-1.8.1.jar;C:\Users\krist\.m2\repository\org\junit\platform\junit-platform-launcher\1.8.1\junit-platform-launcher-1.8.1.jar;C:\Users\krist\.m2\repository\org\junit\platform\junit-platform-suite-api\1.8.1\junit-platform-suite-api-1.8.1.jar;C:\Users\krist\.m2\repository\org\junit\platform\junit-platform-suite-commons\1.8.1\junit-platform-suite-commons-1.8.1.jar;C:\Users\krist\.m2\repository\com\sun\xml\ws\jaxws-rt\2.3.3\jaxws-rt-2.3.3.jar;C:\Users\krist\.m2\repository\com\sun\xml\ws\policy\2.7.10\policy-2.7.10.jar;C:\Users\krist\.m2\repository\com\sun\xml\bind\jaxb-impl\2.3.3\jaxb-impl-2.3.3.jar;C:\Users\krist\.m2\repository\org\glassfish\ha\ha-api\3.1.12\ha-api-3.1.12.jar;C:\Users\krist\.m2\repository\org\glassfish\external\management-api\3.2.2\management-api-3.2.2.jar;C:\Users\krist\.m2\repository\org\glassfish\gmbal\gmbal\4.0.1\gmbal-4.0.1.jar;C:\Users\krist\.m2\repository\org\glassfish\pfl\pfl-tf\4.1.0\pfl-tf-4.1.0.jar;C:\Users\krist\.m2\repository\org\glassfish\pfl\pfl-basic\4.1.0\pfl-basic-4.1.0.jar;C:\Users\krist\.m2\repository\org\jvnet\staxex\stax-ex\1.8.3\stax-ex-1.8.3.jar;C:\Users\krist\.m2\repository\com\sun\xml\stream\buffer\streambuffer\1.5.9\streambuffer-1.5.9.jar;C:\Users\krist\.m2\repository\org\jvnet\mimepull\mimepull\1.9.13\mimepull-1.9.13.jar;C:\Users\krist\.m2\repository\com\sun\xml\fastinfoset\FastInfoset\1.2.18\FastInfoset-1.2.18.jar;C:\Users\krist\.m2\repository\com\sun\xml\messaging\saaj\saaj-impl\1.5.2\saaj-impl-1.5.2.jar;C:\Users\krist\.m2\repository\com\fasterxml\woodstox\woodstox-core\5.1.0\woodstox-core-5.1.0.jar;C:\Users\krist\.m2\repository\org\codehaus\woodstox\stax2-api\4.1\stax2-api-4.1.jar;C:\Users\krist\.m2\repository\com\sun\xml\ws\jaxws-tools\2.3.3\jaxws-tools-2.3.3.jar;C:\Users\krist\.m2\repository\com\sun\xml\bind\jaxb-xjc\2.3.3\jaxb-xjc-2.3.3.jar;C:\Users\krist\.m2\repository\com\sun\xml\bind\jaxb-jxc\2.3.3\jaxb-jxc-2.3.3.jar;C:\Users\krist\.m2\repository\com\sun\xml\ws\jaxws-eclipselink-plugin\2.3.3\jaxws-eclipselink-plugin-2.3.3.jar;C:\Users\krist\.m2\repository\jakarta\persistence\jakarta.persistence-api\2.2.3\jakarta.persistence-api-2.2.3.jar;C:\Users\krist\.m2\repository\org\eclipse\persistence\org.eclipse.persistence.moxy\2.7.6\org.eclipse.persistence.moxy-2.7.6.jar;C:\Users\krist\.m2\repository\org\eclipse\persistence\org.eclipse.persistence.core\2.7.6\org.eclipse.persistence.core-2.7.6.jar;C:\Users\krist\.m2\repository\org\eclipse\persistence\org.eclipse.persistence.asm\2.7.6\org.eclipse.persistence.asm-2.7.6.jar;C:\Users\krist\.m2\repository\com\sun\mail\jakarta.mail\1.6.5\jakarta.mail-1.6.5.jar;C:\Users\krist\.m2\repository\com\sun\xml\ws\sdo-eclipselink-plugin\2.3.3\sdo-eclipselink-plugin-2.3.3.jar;C:\Users\krist\.m2\repository\org\eclipse\persistence\org.eclipse.persistence.sdo\2.7.6\org.eclipse.persistence.sdo-2.7.6.jar;C:\Users\krist\.m2\repository\org\eclipse\persistence\commonj.sdo\2.1.1\commonj.sdo-2.1.1.jar;C:\Users\krist\.m2\repository\jakarta\xml\ws\jakarta.xml.ws-api\2.3.3\jakarta.xml.ws-api-2.3.3.jar;C:\Users\krist\.m2\repository\jakarta\xml\soap\jakarta.xml.soap-api\1.4.2\jakarta.xml.soap-api-1.4.2.jar;C:\Users\krist\.m2\repository\jakarta\jws\jakarta.jws-api\2.1.0\jakarta.jws-api-2.1.0.jar;C:\Users\krist\.m2\repository\jakarta\annotation\jakarta.annotation-api\1.3.5\jakarta.annotation-api-1.3.5.jar;C:\Users\krist\.m2\repository\org\jboss\resteasy\resteasy-client\4.5.8.Final\resteasy-client-4.5.8.Final.jar;C:\Users\krist\.m2\repository\org\jboss\resteasy\resteasy-client-api\4.5.8.Final\resteasy-client-api-4.5.8.Final.jar;C:\Users\krist\.m2\repository\org\jboss\resteasy\resteasy-core-spi\4.5.8.Final\resteasy-core-spi-4.5.8.Final.jar;C:\Users\krist\.m2\repository\org\reactivestreams\reactive-streams\1.0.3\reactive-streams-1.0.3.jar;C:\Users\krist\.m2\repository\jakarta\validation\jakarta.validation-api\2.0.2\jakarta.validation-api-2.0.2.jar;C:\Users\krist\.m2\repository\org\jboss\spec\javax\annotation\jboss-annotations-api_1.3_spec\2.0.1.Final\jboss-annotations-api_1.3_spec-2.0.1.Final.jar;C:\Users\krist\.m2\repository\org\jboss\resteasy\resteasy-core\4.5.8.Final\resteasy-core-4.5.8.Final.jar;C:\Users\krist\.m2\repository\com\ibm\async\asyncutil\0.1.0\asyncutil-0.1.0.jar;C:\Users\krist\.m2\repository\org\eclipse\microprofile\config\microprofile-config-api\1.4\microprofile-config-api-1.4.jar;C:\Users\krist\.m2\repository\io\smallrye\config\smallrye-config\1.6.1\smallrye-config-1.6.1.jar;C:\Users\krist\.m2\repository\io\smallrye\config\smallrye-config-common\1.6.1\smallrye-config-common-1.6.1.jar;C:\Users\krist\.m2\repository\org\jboss\logging\jboss-logging\3.3.2.Final\jboss-logging-3.3.2.Final.jar;C:\Users\krist\.m2\repository\org\apache\httpcomponents\httpclient\4.5.12\httpclient-4.5.12.jar;C:\Users\krist\.m2\repository\org\apache\httpcomponents\httpcore\4.4.13\httpcore-4.4.13.jar;C:\Users\krist\.m2\repository\commons-logging\commons-logging\1.2\commons-logging-1.2.jar;C:\Users\krist\.m2\repository\commons-codec\commons-codec\1.13\commons-codec-1.13.jar;C:\Users\krist\.m2\repository\commons-io\commons-io\2.5\commons-io-2.5.jar;C:\Users\krist\.m2\repository\org\jboss\spec\javax\ws\rs\jboss-jaxrs-api_2.1_spec\2.0.1.Final\jboss-jaxrs-api_2.1_spec-2.0.1.Final.jar;C:\Users\krist\.m2\repository\io\quarkus\quarkus-resteasy-jsonb\1.10.5.Final\quarkus-resteasy-jsonb-1.10.5.Final.jar;C:\Users\krist\.m2\repository\io\quarkus\quarkus-resteasy\1.10.5.Final\quarkus-resteasy-1.10.5.Final.jar;C:\Users\krist\.m2\repository\io\quarkus\quarkus-vertx-http\1.10.5.Final\quarkus-vertx-http-1.10.5.Final.jar;C:\Users\krist\.m2\repository\io\quarkus\quarkus-security-runtime-spi\1.10.5.Final\quarkus-security-runtime-spi-1.10.5.Final.jar;C:\Users\krist\.m2\repository\io\quarkus\security\quarkus-security\1.1.3.Final\quarkus-security-1.1.3.Final.jar;C:\Users\krist\.m2\repository\io\smallrye\reactive\mutiny\0.4.3\mutiny-0.4.3.jar;C:\Users\krist\.m2\repository\io\quarkus\quarkus-vertx-core\1.10.5.Final\quarkus-vertx-core-1.10.5.Final.jar;C:\Users\krist\.m2\repository\io\quarkus\quarkus-netty\1.10.5.Final\quarkus-netty-1.10.5.Final.jar;C:\Users\krist\.m2\repository\io\netty\netty-codec\4.1.49.Final\netty-codec-4.1.49.Final.jar;C:\Users\krist\.m2\repository\io\netty\netty-handler\4.1.49.Final\netty-handler-4.1.49.Final.jar;C:\Users\krist\.m2\repository\io\vertx\vertx-core\3.9.5\vertx-core-3.9.5.jar;C:\Users\krist\.m2\repository\io\netty\netty-common\4.1.49.Final\netty-common-4.1.49.Final.jar;C:\Users\krist\.m2\repository\io\netty\netty-buffer\4.1.49.Final\netty-buffer-4.1.49.Final.jar;C:\Users\krist\.m2\repository\io\netty\netty-transport\4.1.49.Final\netty-transport-4.1.49.Final.jar;C:\Users\krist\.m2\repository\io\netty\netty-handler-proxy\4.1.49.Final\netty-handler-proxy-4.1.49.Final.jar;C:\Users\krist\.m2\repository\io\netty\netty-codec-socks\4.1.49.Final\netty-codec-socks-4.1.49.Final.jar;C:\Users\krist\.m2\repository\io\netty\netty-codec-http\4.1.49.Final\netty-codec-http-4.1.49.Final.jar;C:\Users\krist\.m2\repository\io\netty\netty-codec-http2\4.1.49.Final\netty-codec-http2-4.1.49.Final.jar;C:\Users\krist\.m2\repository\io\netty\netty-resolver\4.1.49.Final\netty-resolver-4.1.49.Final.jar;C:\Users\krist\.m2\repository\io\netty\netty-resolver-dns\4.1.49.Final\netty-resolver-dns-4.1.49.Final.jar;C:\Users\krist\.m2\repository\io\netty\netty-codec-dns\4.1.49.Final\netty-codec-dns-4.1.49.Final.jar;C:\Users\krist\.m2\repository\com\fasterxml\jackson\core\jackson-core\2.11.3\jackson-core-2.11.3.jar;C:\Users\krist\.m2\repository\io\vertx\vertx-web\3.9.5\vertx-web-3.9.5.jar;C:\Users\krist\.m2\repository\io\vertx\vertx-web-common\3.9.5\vertx-web-common-3.9.5.jar;C:\Users\krist\.m2\repository\io\vertx\vertx-auth-common\3.9.5\vertx-auth-common-3.9.5.jar;C:\Users\krist\.m2\repository\io\vertx\vertx-bridge-common\3.9.5\vertx-bridge-common-3.9.5.jar;C:\Users\krist\.m2\repository\io\quarkus\quarkus-resteasy-server-common\1.10.5.Final\quarkus-resteasy-server-common-1.10.5.Final.jar;C:\Users\krist\.m2\repository\io\quarkus\quarkus-resteasy-common\1.10.5.Final\quarkus-resteasy-common-1.10.5.Final.jar;C:\Users\krist\.m2\repository\io\quarkus\quarkus-jsonb\1.10.5.Final\quarkus-jsonb-1.10.5.Final.jar;C:\Users\krist\.m2\repository\org\eclipse\yasson\1.0.8\yasson-1.0.8.jar;C:\Users\krist\.m2\repository\io\quarkus\quarkus-core\1.10.5.Final\quarkus-core-1.10.5.Final.jar;C:\Users\krist\.m2\repository\io\quarkus\quarkus-ide-launcher\1.10.5.Final\quarkus-ide-launcher-1.10.5.Final.jar;C:\Users\krist\.m2\repository\io\quarkus\quarkus-development-mode-spi\1.10.5.Final\quarkus-development-mode-spi-1.10.5.Final.jar;C:\Users\krist\.m2\repository\org\jboss\logmanager\jboss-logmanager-embedded\1.0.6\jboss-logmanager-embedded-1.0.6.jar;C:\Users\krist\.m2\repository\org\jboss\logging\jboss-logging-annotations\2.1.0.Final\jboss-logging-annotations-2.1.0.Final.jar;C:\Users\krist\.m2\repository\org\jboss\threads\jboss-threads\3.1.1.Final\jboss-threads-3.1.1.Final.jar;C:\Users\krist\.m2\repository\org\jboss\slf4j\slf4j-jboss-logmanager\1.1.0.Final\slf4j-jboss-logmanager-1.1.0.Final.jar;C:\Users\krist\.m2\repository\org\graalvm\sdk\graal-sdk\20.2.0\graal-sdk-20.2.0.jar;C:\Users\krist\.m2\repository\org\wildfly\common\wildfly-common\1.5.4.Final-format-001\wildfly-common-1.5.4.Final-format-001.jar;C:\Users\krist\.m2\repository\io\quarkus\quarkus-bootstrap-runner\1.10.5.Final\quarkus-bootstrap-runner-1.10.5.Final.jar;C:\Users\krist\.m2\repository\io\smallrye\common\smallrye-common-io\1.4.1\smallrye-common-io-1.4.1.jar;C:\Users\krist\.m2\repository\io\quarkus\quarkus-arc\1.10.5.Final\quarkus-arc-1.10.5.Final.jar;C:\Users\krist\.m2\repository\io\quarkus\arc\arc\1.10.5.Final\arc-1.10.5.Final.jar;C:\Users\krist\.m2\repository\org\eclipse\microprofile\context-propagation\microprofile-context-propagation-api\1.0.1\microprofile-context-propagation-api-1.0.1.jar;C:\Users\krist\.m2\repository\io\quarkus\quarkus-jsonp\1.10.5.Final\quarkus-jsonp-1.10.5.Final.jar;C:\Users\krist\.m2\repository\org\jboss\resteasy\resteasy-json-binding-provider\4.5.8.Final\resteasy-json-binding-provider-4.5.8.Final.jar;C:\Users\krist\.m2\repository\org\glassfish\jakarta.json\1.1.6\jakarta.json-1.1.6.jar;C:\Users\krist\.m2\repository\jakarta\json\bind\jakarta.json.bind-api\1.0.2\jakarta.json.bind-api-1.0.2.jar;C:\Users\krist\.m2\repository\org\jboss\resteasy\resteasy-json-p-provider\4.5.8.Final\resteasy-json-p-provider-4.5.8.Final.jar;C:\Users\krist\.m2\repository\io\quarkus\quarkus-resteasy-jaxb\2.15.2.Final\quarkus-resteasy-jaxb-2.15.2.Final.jar;C:\Users\krist\.m2\repository\io\quarkus\quarkus-jaxb\2.15.2.Final\quarkus-jaxb-2.15.2.Final.jar;C:\Users\krist\.m2\repository\io\quarkus\quarkus-jaxp\2.15.2.Final\quarkus-jaxp-2.15.2.Final.jar;C:\Users\krist\.m2\repository\org\glassfish\jaxb\jaxb-runtime\2.3.3-b02\jaxb-runtime-2.3.3-b02.jar;C:\Users\krist\.m2\repository\org\glassfish\jaxb\txw2\2.3.3-b02\txw2-2.3.3-b02.jar;C:\Users\krist\.m2\repository\com\sun\istack\istack-commons-runtime\3.0.10\istack-commons-runtime-3.0.10.jar;C:\Users\krist\.m2\repository\org\jboss\resteasy\resteasy-jaxb-provider\4.7.7.Final\resteasy-jaxb-provider-4.7.7.Final.jar;C:\Users\krist\.m2\repository\com\sun\activation\jakarta.activation\1.2.1\jakarta.activation-1.2.1.jar;C:\Users\krist\.m2\repository\org\jboss\spec\javax\xml\bind\jboss-jaxb-api_2.3_spec\2.0.0.Final\jboss-jaxb-api_2.3_spec-2.0.0.Final.jar;C:\Users\krist\.m2\repository\org\projectlombok\lombok\1.18.20\lombok-1.18.20.jar;C:\Users\krist\.m2\repository\hubert\dtu\dk\messaging-utilities\3.3\messaging-utilities-3.3.jar;C:\Users\krist\.m2\repository\com\rabbitmq\amqp-client\5.10.0\amqp-client-5.10.0.jar;C:\Users\krist\.m2\repository\org\slf4j\slf4j-api\1.7.30\slf4j-api-1.7.30.jar;C:\Users\krist\.m2\repository\com\google\code\gson\gson\2.8.6\gson-2.8.6.jar;C:\Users\krist\.m2\repository\jakarta\platform\jakarta.jakartaee-api\10.0.0\jakarta.jakartaee-api-10.0.0.jar;C:\Users\krist\.m2\repository\jakarta\platform\jakarta.jakartaee-web-api\10.0.0\jakarta.jakartaee-web-api-10.0.0.jar;C:\Users\krist\.m2\repository\jakarta\servlet\jakarta.servlet-api\6.0.0\jakarta.servlet-api-6.0.0.jar;C:\Users\krist\.m2\repository\jakarta\servlet\jsp\jakarta.servlet.jsp-api\3.1.0\jakarta.servlet.jsp-api-3.1.0.jar;C:\Users\krist\.m2\repository\jakarta\el\jakarta.el-api\5.0.1\jakarta.el-api-5.0.1.jar;C:\Users\krist\.m2\repository\jakarta\servlet\jsp\jstl\jakarta.servlet.jsp.jstl-api\3.0.0\jakarta.servlet.jsp.jstl-api-3.0.0.jar;C:\Users\krist\.m2\repository\jakarta\faces\jakarta.faces-api\4.0.1\jakarta.faces-api-4.0.1.jar;C:\Users\krist\.m2\repository\jakarta\ws\rs\jakarta.ws.rs-api\3.1.0\jakarta.ws.rs-api-3.1.0.jar;C:\Users\krist\.m2\repository\jakarta\websocket\jakarta.websocket-api\2.1.0\jakarta.websocket-api-2.1.0.jar;C:\Users\krist\.m2\repository\jakarta\websocket\jakarta.websocket-client-api\2.1.0\jakarta.websocket-client-api-2.1.0.jar;C:\Users\krist\.m2\repository\jakarta\json\jakarta.json-api\2.1.0\jakarta.json-api-2.1.0.jar;C:\Users\krist\.m2\repository\jakarta\ejb\jakarta.ejb-api\4.0.1\jakarta.ejb-api-4.0.1.jar;C:\Users\krist\.m2\repository\jakarta\transaction\jakarta.transaction-api\2.0.1\jakarta.transaction-api-2.0.1.jar;C:\Users\krist\.m2\repository\jakarta\interceptor\jakarta.interceptor-api\2.1.0\jakarta.interceptor-api-2.1.0.jar;C:\Users\krist\.m2\repository\jakarta\enterprise\jakarta.enterprise.cdi-api\4.0.1\jakarta.enterprise.cdi-api-4.0.1.jar;C:\Users\krist\.m2\repository\jakarta\enterprise\jakarta.enterprise.lang-model\4.0.1\jakarta.enterprise.lang-model-4.0.1.jar;C:\Users\krist\.m2\repository\jakarta\inject\jakarta.inject-api\2.0.1\jakarta.inject-api-2.0.1.jar;C:\Users\krist\.m2\repository\jakarta\authentication\jakarta.authentication-api\3.0.0\jakarta.authentication-api-3.0.0.jar;C:\Users\krist\.m2\repository\jakarta\security\enterprise\jakarta.security.enterprise-api\3.0.0\jakarta.security.enterprise-api-3.0.0.jar;C:\Users\krist\.m2\repository\jakarta\jms\jakarta.jms-api\3.1.0\jakarta.jms-api-3.1.0.jar;C:\Users\krist\.m2\repository\jakarta\activation\jakarta.activation-api\2.1.0\jakarta.activation-api-2.1.0.jar;C:\Users\krist\.m2\repository\jakarta\mail\jakarta.mail-api\2.1.0\jakarta.mail-api-2.1.0.jar;C:\Users\krist\.m2\repository\jakarta\resource\jakarta.resource-api\2.1.0\jakarta.resource-api-2.1.0.jar;C:\Users\krist\.m2\repository\jakarta\authorization\jakarta.authorization-api\2.1.0\jakarta.authorization-api-2.1.0.jar;C:\Users\krist\.m2\repository\jakarta\batch\jakarta.batch-api\2.1.1\jakarta.batch-api-2.1.1.jar;C:\Users\krist\.m2\repository\org\codehaus\mojo\jaxws-maven-plugin\2.6\jaxws-maven-plugin-2.6.jar;C:\Users\krist\.m2\repository\javax\jws\javax.jws-api\1.1\javax.jws-api-1.1.jar;C:\Users\krist\.m2\repository\org\apache\maven\maven-plugin-api\3.0\maven-plugin-api-3.0.jar;C:\Users\krist\.m2\repository\org\sonatype\sisu\sisu-inject-plexus\1.4.2\sisu-inject-plexus-1.4.2.jar;C:\Users\krist\.m2\repository\org\sonatype\sisu\sisu-inject-bean\1.4.2\sisu-inject-bean-1.4.2.jar;C:\Users\krist\.m2\repository\org\sonatype\sisu\sisu-guice\2.1.7\sisu-guice-2.1.7-noaop.jar;C:\Users\krist\.m2\repository\org\apache\maven\maven-core\3.0\maven-core-3.0.jar;C:\Users\krist\.m2\repository\org\apache\maven\maven-settings-builder\3.0\maven-settings-builder-3.0.jar;C:\Users\krist\.m2\repository\org\apache\maven\maven-repository-metadata\3.0\maven-repository-metadata-3.0.jar;C:\Users\krist\.m2\repository\org\apache\maven\maven-model-builder\3.0\maven-model-builder-3.0.jar;C:\Users\krist\.m2\repository\org\apache\maven\maven-aether-provider\3.0\maven-aether-provider-3.0.jar;C:\Users\krist\.m2\repository\org\sonatype\aether\aether-impl\1.7\aether-impl-1.7.jar;C:\Users\krist\.m2\repository\org\sonatype\aether\aether-spi\1.7\aether-spi-1.7.jar;C:\Users\krist\.m2\repository\org\sonatype\aether\aether-api\1.7\aether-api-1.7.jar;C:\Users\krist\.m2\repository\org\sonatype\aether\aether-util\1.7\aether-util-1.7.jar;C:\Users\krist\.m2\repository\org\codehaus\plexus\plexus-interpolation\1.14\plexus-interpolation-1.14.jar;C:\Users\krist\.m2\repository\org\codehaus\plexus\plexus-classworlds\2.2.3\plexus-classworlds-2.2.3.jar;C:\Users\krist\.m2\repository\org\codehaus\plexus\plexus-component-annotations\1.5.5\plexus-component-annotations-1.5.5.jar;C:\Users\krist\.m2\repository\org\sonatype\plexus\plexus-sec-dispatcher\1.3\plexus-sec-dispatcher-1.3.jar;C:\Users\krist\.m2\repository\org\sonatype\plexus\plexus-cipher\1.4\plexus-cipher-1.4.jar;C:\Users\krist\.m2\repository\org\apache\maven\maven-model\3.0\maven-model-3.0.jar;C:\Users\krist\.m2\repository\org\apache\maven\maven-settings\3.0\maven-settings-3.0.jar;C:\Users\krist\.m2\repository\org\apache\maven\maven-artifact\3.0\maven-artifact-3.0.jar;C:\Users\krist\.m2\repository\org\codehaus\plexus\plexus-utils\3.2.1\plexus-utils-3.2.1.jar;C:\Users\krist\.m2\repository\jakarta\xml\bind\jakarta.xml.bind-api\4.0.0\jakarta.xml.bind-api-4.0.0.jar;"/>
    <property name="java.vm.vendor" value="Oracle Corporation"/>
    <property name="sun.arch.data.model" value="64"/>
    <property name="user.variant" value=""/>
    <property name="java.vendor.url" value="https://java.oracle.com/"/>
    <property name="user.timezone" value="Europe/Copenhagen"/>
    <property name="os.name" value="Windows 10"/>
    <property name="java.vm.specification.version" value="17"/>
    <property name="sun.java.launcher" value="SUN_STANDARD"/>
    <property name="user.country" value="DK"/>
    <property name="sun.boot.library.path" value="C:\Program Files\Java\jdk-17.0.2\bin"/>
    <property name="sun.java.command" value="C:\Users\krist\AppData\Local\Temp\surefire6567178268603210861\surefirebooter16627827055108719763.jar C:\Users\krist\AppData\Local\Temp\surefire6567178268603210861 2023-01-19T00-54-40_008-jvmRun1 surefire17940204948538817067tmp surefire_0394152282381455207tmp"/>
    <property name="jdk.debug" value="release"/>
    <property name="surefire.test.class.path" value="C:\Users\krist\OneDrive\Software Projekter\DTU-Pay-Grp11-3\end-to-end-tests\target\test-classes;C:\Users\krist\OneDrive\Software Projekter\DTU-Pay-Grp11-3\end-to-end-tests\target\classes;C:\Users\krist\.m2\repository\io\cucumber\cucumber-java\7.10.1\cucumber-java-7.10.1.jar;C:\Users\krist\.m2\repository\io\cucumber\cucumber-core\7.10.1\cucumber-core-7.10.1.jar;C:\Users\krist\.m2\repository\io\cucumber\cucumber-gherkin\7.10.1\cucumber-gherkin-7.10.1.jar;C:\Users\krist\.m2\repository\io\cucumber\cucumber-gherkin-messages\7.10.1\cucumber-gherkin-messages-7.10.1.jar;C:\Users\krist\.m2\repository\io\cucumber\gherkin\25.0.2\gherkin-25.0.2.jar;C:\Users\krist\.m2\repository\io\cucumber\messages\19.1.4\messages-19.1.4.jar;C:\Users\krist\.m2\repository\io\cucumber\tag-expressions\4.1.0\tag-expressions-4.1.0.jar;C:\Users\krist\.m2\repository\io\cucumber\cucumber-expressions\16.1.1\cucumber-expressions-16.1.1.jar;C:\Users\krist\.m2\repository\io\cucumber\datatable\7.10.1\datatable-7.10.1.jar;C:\Users\krist\.m2\repository\io\cucumber\cucumber-plugin\7.10.1\cucumber-plugin-7.10.1.jar;C:\Users\krist\.m2\repository\io\cucumber\docstring\7.10.1\docstring-7.10.1.jar;C:\Users\krist\.m2\repository\io\cucumber\html-formatter\20.2.0\html-formatter-20.2.0.jar;C:\Users\krist\.m2\repository\io\cucumber\ci-environment\9.1.0\ci-environment-9.1.0.jar;C:\Users\krist\.m2\repository\org\apiguardian\apiguardian-api\1.1.2\apiguardian-api-1.1.2.jar;C:\Users\krist\.m2\repository\io\cucumber\cucumber-junit\7.10.1\cucumber-junit-7.10.1.jar;C:\Users\krist\.m2\repository\junit\junit\4.13.2\junit-4.13.2.jar;C:\Users\krist\.m2\repository\org\hamcrest\hamcrest-core\1.3\hamcrest-core-1.3.jar;C:\Users\krist\.m2\repository\io\cucumber\cucumber-picocontainer\7.10.1\cucumber-picocontainer-7.10.1.jar;C:\Users\krist\.m2\repository\org\picocontainer\picocontainer\2.15\picocontainer-2.15.jar;C:\Users\krist\.m2\repository\org\junit\jupiter\junit-jupiter-engine\5.7.0\junit-jupiter-engine-5.7.0.jar;C:\Users\krist\.m2\repository\org\junit\platform\junit-platform-engine\1.7.0\junit-platform-engine-1.7.0.jar;C:\Users\krist\.m2\repository\org\opentest4j\opentest4j\1.2.0\opentest4j-1.2.0.jar;C:\Users\krist\.m2\repository\org\junit\platform\junit-platform-commons\1.7.0\junit-platform-commons-1.7.0.jar;C:\Users\krist\.m2\repository\org\junit\jupiter\junit-jupiter-api\5.7.0\junit-jupiter-api-5.7.0.jar;C:\Users\krist\.m2\repository\io\cucumber\cucumber-junit-platform-engine\7.10.1\cucumber-junit-platform-engine-7.10.1.jar;C:\Users\krist\.m2\repository\org\junit\vintage\junit-vintage-engine\5.8.1\junit-vintage-engine-5.8.1.jar;C:\Users\krist\.m2\repository\org\junit\platform\junit-platform-runner\1.8.1\junit-platform-runner-1.8.1.jar;C:\Users\krist\.m2\repository\org\junit\platform\junit-platform-launcher\1.8.1\junit-platform-launcher-1.8.1.jar;C:\Users\krist\.m2\repository\org\junit\platform\junit-platform-suite-api\1.8.1\junit-platform-suite-api-1.8.1.jar;C:\Users\krist\.m2\repository\org\junit\platform\junit-platform-suite-commons\1.8.1\junit-platform-suite-commons-1.8.1.jar;C:\Users\krist\.m2\repository\com\sun\xml\ws\jaxws-rt\2.3.3\jaxws-rt-2.3.3.jar;C:\Users\krist\.m2\repository\com\sun\xml\ws\policy\2.7.10\policy-2.7.10.jar;C:\Users\krist\.m2\repository\com\sun\xml\bind\jaxb-impl\2.3.3\jaxb-impl-2.3.3.jar;C:\Users\krist\.m2\repository\org\glassfish\ha\ha-api\3.1.12\ha-api-3.1.12.jar;C:\Users\krist\.m2\repository\org\glassfish\external\management-api\3.2.2\management-api-3.2.2.jar;C:\Users\krist\.m2\repository\org\glassfish\gmbal\gmbal\4.0.1\gmbal-4.0.1.jar;C:\Users\krist\.m2\repository\org\glassfish\pfl\pfl-tf\4.1.0\pfl-tf-4.1.0.jar;C:\Users\krist\.m2\repository\org\glassfish\pfl\pfl-basic\4.1.0\pfl-basic-4.1.0.jar;C:\Users\krist\.m2\repository\org\jvnet\staxex\stax-ex\1.8.3\stax-ex-1.8.3.jar;C:\Users\krist\.m2\repository\com\sun\xml\stream\buffer\streambuffer\1.5.9\streambuffer-1.5.9.jar;C:\Users\krist\.m2\repository\org\jvnet\mimepull\mimepull\1.9.13\mimepull-1.9.13.jar;C:\Users\krist\.m2\repository\com\sun\xml\fastinfoset\FastInfoset\1.2.18\FastInfoset-1.2.18.jar;C:\Users\krist\.m2\repository\com\sun\xml\messaging\saaj\saaj-impl\1.5.2\saaj-impl-1.5.2.jar;C:\Users\krist\.m2\repository\com\fasterxml\woodstox\woodstox-core\5.1.0\woodstox-core-5.1.0.jar;C:\Users\krist\.m2\repository\org\codehaus\woodstox\stax2-api\4.1\stax2-api-4.1.jar;C:\Users\krist\.m2\repository\com\sun\xml\ws\jaxws-tools\2.3.3\jaxws-tools-2.3.3.jar;C:\Users\krist\.m2\repository\com\sun\xml\bind\jaxb-xjc\2.3.3\jaxb-xjc-2.3.3.jar;C:\Users\krist\.m2\repository\com\sun\xml\bind\jaxb-jxc\2.3.3\jaxb-jxc-2.3.3.jar;C:\Users\krist\.m2\repository\com\sun\xml\ws\jaxws-eclipselink-plugin\2.3.3\jaxws-eclipselink-plugin-2.3.3.jar;C:\Users\krist\.m2\repository\jakarta\persistence\jakarta.persistence-api\2.2.3\jakarta.persistence-api-2.2.3.jar;C:\Users\krist\.m2\repository\org\eclipse\persistence\org.eclipse.persistence.moxy\2.7.6\org.eclipse.persistence.moxy-2.7.6.jar;C:\Users\krist\.m2\repository\org\eclipse\persistence\org.eclipse.persistence.core\2.7.6\org.eclipse.persistence.core-2.7.6.jar;C:\Users\krist\.m2\repository\org\eclipse\persistence\org.eclipse.persistence.asm\2.7.6\org.eclipse.persistence.asm-2.7.6.jar;C:\Users\krist\.m2\repository\com\sun\mail\jakarta.mail\1.6.5\jakarta.mail-1.6.5.jar;C:\Users\krist\.m2\repository\com\sun\xml\ws\sdo-eclipselink-plugin\2.3.3\sdo-eclipselink-plugin-2.3.3.jar;C:\Users\krist\.m2\repository\org\eclipse\persistence\org.eclipse.persistence.sdo\2.7.6\org.eclipse.persistence.sdo-2.7.6.jar;C:\Users\krist\.m2\repository\org\eclipse\persistence\commonj.sdo\2.1.1\commonj.sdo-2.1.1.jar;C:\Users\krist\.m2\repository\jakarta\xml\ws\jakarta.xml.ws-api\2.3.3\jakarta.xml.ws-api-2.3.3.jar;C:\Users\krist\.m2\repository\jakarta\xml\soap\jakarta.xml.soap-api\1.4.2\jakarta.xml.soap-api-1.4.2.jar;C:\Users\krist\.m2\repository\jakarta\jws\jakarta.jws-api\2.1.0\jakarta.jws-api-2.1.0.jar;C:\Users\krist\.m2\repository\jakarta\annotation\jakarta.annotation-api\1.3.5\jakarta.annotation-api-1.3.5.jar;C:\Users\krist\.m2\repository\org\jboss\resteasy\resteasy-client\4.5.8.Final\resteasy-client-4.5.8.Final.jar;C:\Users\krist\.m2\repository\org\jboss\resteasy\resteasy-client-api\4.5.8.Final\resteasy-client-api-4.5.8.Final.jar;C:\Users\krist\.m2\repository\org\jboss\resteasy\resteasy-core-spi\4.5.8.Final\resteasy-core-spi-4.5.8.Final.jar;C:\Users\krist\.m2\repository\org\reactivestreams\reactive-streams\1.0.3\reactive-streams-1.0.3.jar;C:\Users\krist\.m2\repository\jakarta\validation\jakarta.validation-api\2.0.2\jakarta.validation-api-2.0.2.jar;C:\Users\krist\.m2\repository\org\jboss\spec\javax\annotation\jboss-annotations-api_1.3_spec\2.0.1.Final\jboss-annotations-api_1.3_spec-2.0.1.Final.jar;C:\Users\krist\.m2\repository\org\jboss\resteasy\resteasy-core\4.5.8.Final\resteasy-core-4.5.8.Final.jar;C:\Users\krist\.m2\repository\com\ibm\async\asyncutil\0.1.0\asyncutil-0.1.0.jar;C:\Users\krist\.m2\repository\org\eclipse\microprofile\config\microprofile-config-api\1.4\microprofile-config-api-1.4.jar;C:\Users\krist\.m2\repository\io\smallrye\config\smallrye-config\1.6.1\smallrye-config-1.6.1.jar;C:\Users\krist\.m2\repository\io\smallrye\config\smallrye-config-common\1.6.1\smallrye-config-common-1.6.1.jar;C:\Users\krist\.m2\repository\org\jboss\logging\jboss-logging\3.3.2.Final\jboss-logging-3.3.2.Final.jar;C:\Users\krist\.m2\repository\org\apache\httpcomponents\httpclient\4.5.12\httpclient-4.5.12.jar;C:\Users\krist\.m2\repository\org\apache\httpcomponents\httpcore\4.4.13\httpcore-4.4.13.jar;C:\Users\krist\.m2\repository\commons-logging\commons-logging\1.2\commons-logging-1.2.jar;C:\Users\krist\.m2\repository\commons-codec\commons-codec\1.13\commons-codec-1.13.jar;C:\Users\krist\.m2\repository\commons-io\commons-io\2.5\commons-io-2.5.jar;C:\Users\krist\.m2\repository\org\jboss\spec\javax\ws\rs\jboss-jaxrs-api_2.1_spec\2.0.1.Final\jboss-jaxrs-api_2.1_spec-2.0.1.Final.jar;C:\Users\krist\.m2\repository\io\quarkus\quarkus-resteasy-jsonb\1.10.5.Final\quarkus-resteasy-jsonb-1.10.5.Final.jar;C:\Users\krist\.m2\repository\io\quarkus\quarkus-resteasy\1.10.5.Final\quarkus-resteasy-1.10.5.Final.jar;C:\Users\krist\.m2\repository\io\quarkus\quarkus-vertx-http\1.10.5.Final\quarkus-vertx-http-1.10.5.Final.jar;C:\Users\krist\.m2\repository\io\quarkus\quarkus-security-runtime-spi\1.10.5.Final\quarkus-security-runtime-spi-1.10.5.Final.jar;C:\Users\krist\.m2\repository\io\quarkus\security\quarkus-security\1.1.3.Final\quarkus-security-1.1.3.Final.jar;C:\Users\krist\.m2\repository\io\smallrye\reactive\mutiny\0.4.3\mutiny-0.4.3.jar;C:\Users\krist\.m2\repository\io\quarkus\quarkus-vertx-core\1.10.5.Final\quarkus-vertx-core-1.10.5.Final.jar;C:\Users\krist\.m2\repository\io\quarkus\quarkus-netty\1.10.5.Final\quarkus-netty-1.10.5.Final.jar;C:\Users\krist\.m2\repository\io\netty\netty-codec\4.1.49.Final\netty-codec-4.1.49.Final.jar;C:\Users\krist\.m2\repository\io\netty\netty-handler\4.1.49.Final\netty-handler-4.1.49.Final.jar;C:\Users\krist\.m2\repository\io\vertx\vertx-core\3.9.5\vertx-core-3.9.5.jar;C:\Users\krist\.m2\repository\io\netty\netty-common\4.1.49.Final\netty-common-4.1.49.Final.jar;C:\Users\krist\.m2\repository\io\netty\netty-buffer\4.1.49.Final\netty-buffer-4.1.49.Final.jar;C:\Users\krist\.m2\repository\io\netty\netty-transport\4.1.49.Final\netty-transport-4.1.49.Final.jar;C:\Users\krist\.m2\repository\io\netty\netty-handler-proxy\4.1.49.Final\netty-handler-proxy-4.1.49.Final.jar;C:\Users\krist\.m2\repository\io\netty\netty-codec-socks\4.1.49.Final\netty-codec-socks-4.1.49.Final.jar;C:\Users\krist\.m2\repository\io\netty\netty-codec-http\4.1.49.Final\netty-codec-http-4.1.49.Final.jar;C:\Users\krist\.m2\repository\io\netty\netty-codec-http2\4.1.49.Final\netty-codec-http2-4.1.49.Final.jar;C:\Users\krist\.m2\repository\io\netty\netty-resolver\4.1.49.Final\netty-resolver-4.1.49.Final.jar;C:\Users\krist\.m2\repository\io\netty\netty-resolver-dns\4.1.49.Final\netty-resolver-dns-4.1.49.Final.jar;C:\Users\krist\.m2\repository\io\netty\netty-codec-dns\4.1.49.Final\netty-codec-dns-4.1.49.Final.jar;C:\Users\krist\.m2\repository\com\fasterxml\jackson\core\jackson-core\2.11.3\jackson-core-2.11.3.jar;C:\Users\krist\.m2\repository\io\vertx\vertx-web\3.9.5\vertx-web-3.9.5.jar;C:\Users\krist\.m2\repository\io\vertx\vertx-web-common\3.9.5\vertx-web-common-3.9.5.jar;C:\Users\krist\.m2\repository\io\vertx\vertx-auth-common\3.9.5\vertx-auth-common-3.9.5.jar;C:\Users\krist\.m2\repository\io\vertx\vertx-bridge-common\3.9.5\vertx-bridge-common-3.9.5.jar;C:\Users\krist\.m2\repository\io\quarkus\quarkus-resteasy-server-common\1.10.5.Final\quarkus-resteasy-server-common-1.10.5.Final.jar;C:\Users\krist\.m2\repository\io\quarkus\quarkus-resteasy-common\1.10.5.Final\quarkus-resteasy-common-1.10.5.Final.jar;C:\Users\krist\.m2\repository\io\quarkus\quarkus-jsonb\1.10.5.Final\quarkus-jsonb-1.10.5.Final.jar;C:\Users\krist\.m2\repository\org\eclipse\yasson\1.0.8\yasson-1.0.8.jar;C:\Users\krist\.m2\repository\io\quarkus\quarkus-core\1.10.5.Final\quarkus-core-1.10.5.Final.jar;C:\Users\krist\.m2\repository\io\quarkus\quarkus-ide-launcher\1.10.5.Final\quarkus-ide-launcher-1.10.5.Final.jar;C:\Users\krist\.m2\repository\io\quarkus\quarkus-development-mode-spi\1.10.5.Final\quarkus-development-mode-spi-1.10.5.Final.jar;C:\Users\krist\.m2\repository\org\jboss\logmanager\jboss-logmanager-embedded\1.0.6\jboss-logmanager-embedded-1.0.6.jar;C:\Users\krist\.m2\repository\org\jboss\logging\jboss-logging-annotations\2.1.0.Final\jboss-logging-annotations-2.1.0.Final.jar;C:\Users\krist\.m2\repository\org\jboss\threads\jboss-threads\3.1.1.Final\jboss-threads-3.1.1.Final.jar;C:\Users\krist\.m2\repository\org\jboss\slf4j\slf4j-jboss-logmanager\1.1.0.Final\slf4j-jboss-logmanager-1.1.0.Final.jar;C:\Users\krist\.m2\repository\org\graalvm\sdk\graal-sdk\20.2.0\graal-sdk-20.2.0.jar;C:\Users\krist\.m2\repository\org\wildfly\common\wildfly-common\1.5.4.Final-format-001\wildfly-common-1.5.4.Final-format-001.jar;C:\Users\krist\.m2\repository\io\quarkus\quarkus-bootstrap-runner\1.10.5.Final\quarkus-bootstrap-runner-1.10.5.Final.jar;C:\Users\krist\.m2\repository\io\smallrye\common\smallrye-common-io\1.4.1\smallrye-common-io-1.4.1.jar;C:\Users\krist\.m2\repository\io\quarkus\quarkus-arc\1.10.5.Final\quarkus-arc-1.10.5.Final.jar;C:\Users\krist\.m2\repository\io\quarkus\arc\arc\1.10.5.Final\arc-1.10.5.Final.jar;C:\Users\krist\.m2\repository\org\eclipse\microprofile\context-propagation\microprofile-context-propagation-api\1.0.1\microprofile-context-propagation-api-1.0.1.jar;C:\Users\krist\.m2\repository\io\quarkus\quarkus-jsonp\1.10.5.Final\quarkus-jsonp-1.10.5.Final.jar;C:\Users\krist\.m2\repository\org\jboss\resteasy\resteasy-json-binding-provider\4.5.8.Final\resteasy-json-binding-provider-4.5.8.Final.jar;C:\Users\krist\.m2\repository\org\glassfish\jakarta.json\1.1.6\jakarta.json-1.1.6.jar;C:\Users\krist\.m2\repository\jakarta\json\bind\jakarta.json.bind-api\1.0.2\jakarta.json.bind-api-1.0.2.jar;C:\Users\krist\.m2\repository\org\jboss\resteasy\resteasy-json-p-provider\4.5.8.Final\resteasy-json-p-provider-4.5.8.Final.jar;C:\Users\krist\.m2\repository\io\quarkus\quarkus-resteasy-jaxb\2.15.2.Final\quarkus-resteasy-jaxb-2.15.2.Final.jar;C:\Users\krist\.m2\repository\io\quarkus\quarkus-jaxb\2.15.2.Final\quarkus-jaxb-2.15.2.Final.jar;C:\Users\krist\.m2\repository\io\quarkus\quarkus-jaxp\2.15.2.Final\quarkus-jaxp-2.15.2.Final.jar;C:\Users\krist\.m2\repository\org\glassfish\jaxb\jaxb-runtime\2.3.3-b02\jaxb-runtime-2.3.3-b02.jar;C:\Users\krist\.m2\repository\org\glassfish\jaxb\txw2\2.3.3-b02\txw2-2.3.3-b02.jar;C:\Users\krist\.m2\repository\com\sun\istack\istack-commons-runtime\3.0.10\istack-commons-runtime-3.0.10.jar;C:\Users\krist\.m2\repository\org\jboss\resteasy\resteasy-jaxb-provider\4.7.7.Final\resteasy-jaxb-provider-4.7.7.Final.jar;C:\Users\krist\.m2\repository\com\sun\activation\jakarta.activation\1.2.1\jakarta.activation-1.2.1.jar;C:\Users\krist\.m2\repository\org\jboss\spec\javax\xml\bind\jboss-jaxb-api_2.3_spec\2.0.0.Final\jboss-jaxb-api_2.3_spec-2.0.0.Final.jar;C:\Users\krist\.m2\repository\org\projectlombok\lombok\1.18.20\lombok-1.18.20.jar;C:\Users\krist\.m2\repository\hubert\dtu\dk\messaging-utilities\3.3\messaging-utilities-3.3.jar;C:\Users\krist\.m2\repository\com\rabbitmq\amqp-client\5.10.0\amqp-client-5.10.0.jar;C:\Users\krist\.m2\repository\org\slf4j\slf4j-api\1.7.30\slf4j-api-1.7.30.jar;C:\Users\krist\.m2\repository\com\google\code\gson\gson\2.8.6\gson-2.8.6.jar;C:\Users\krist\.m2\repository\jakarta\platform\jakarta.jakartaee-api\10.0.0\jakarta.jakartaee-api-10.0.0.jar;C:\Users\krist\.m2\repository\jakarta\platform\jakarta.jakartaee-web-api\10.0.0\jakarta.jakartaee-web-api-10.0.0.jar;C:\Users\krist\.m2\repository\jakarta\servlet\jakarta.servlet-api\6.0.0\jakarta.servlet-api-6.0.0.jar;C:\Users\krist\.m2\repository\jakarta\servlet\jsp\jakarta.servlet.jsp-api\3.1.0\jakarta.servlet.jsp-api-3.1.0.jar;C:\Users\krist\.m2\repository\jakarta\el\jakarta.el-api\5.0.1\jakarta.el-api-5.0.1.jar;C:\Users\krist\.m2\repository\jakarta\servlet\jsp\jstl\jakarta.servlet.jsp.jstl-api\3.0.0\jakarta.servlet.jsp.jstl-api-3.0.0.jar;C:\Users\krist\.m2\repository\jakarta\faces\jakarta.faces-api\4.0.1\jakarta.faces-api-4.0.1.jar;C:\Users\krist\.m2\repository\jakarta\ws\rs\jakarta.ws.rs-api\3.1.0\jakarta.ws.rs-api-3.1.0.jar;C:\Users\krist\.m2\repository\jakarta\websocket\jakarta.websocket-api\2.1.0\jakarta.websocket-api-2.1.0.jar;C:\Users\krist\.m2\repository\jakarta\websocket\jakarta.websocket-client-api\2.1.0\jakarta.websocket-client-api-2.1.0.jar;C:\Users\krist\.m2\repository\jakarta\json\jakarta.json-api\2.1.0\jakarta.json-api-2.1.0.jar;C:\Users\krist\.m2\repository\jakarta\ejb\jakarta.ejb-api\4.0.1\jakarta.ejb-api-4.0.1.jar;C:\Users\krist\.m2\repository\jakarta\transaction\jakarta.transaction-api\2.0.1\jakarta.transaction-api-2.0.1.jar;C:\Users\krist\.m2\repository\jakarta\interceptor\jakarta.interceptor-api\2.1.0\jakarta.interceptor-api-2.1.0.jar;C:\Users\krist\.m2\repository\jakarta\enterprise\jakarta.enterprise.cdi-api\4.0.1\jakarta.enterprise.cdi-api-4.0.1.jar;C:\Users\krist\.m2\repository\jakarta\enterprise\jakarta.enterprise.lang-model\4.0.1\jakarta.enterprise.lang-model-4.0.1.jar;C:\Users\krist\.m2\repository\jakarta\inject\jakarta.inject-api\2.0.1\jakarta.inject-api-2.0.1.jar;C:\Users\krist\.m2\repository\jakarta\authentication\jakarta.authentication-api\3.0.0\jakarta.authentication-api-3.0.0.jar;C:\Users\krist\.m2\repository\jakarta\security\enterprise\jakarta.security.enterprise-api\3.0.0\jakarta.security.enterprise-api-3.0.0.jar;C:\Users\krist\.m2\repository\jakarta\jms\jakarta.jms-api\3.1.0\jakarta.jms-api-3.1.0.jar;C:\Users\krist\.m2\repository\jakarta\activation\jakarta.activation-api\2.1.0\jakarta.activation-api-2.1.0.jar;C:\Users\krist\.m2\repository\jakarta\mail\jakarta.mail-api\2.1.0\jakarta.mail-api-2.1.0.jar;C:\Users\krist\.m2\repository\jakarta\resource\jakarta.resource-api\2.1.0\jakarta.resource-api-2.1.0.jar;C:\Users\krist\.m2\repository\jakarta\authorization\jakarta.authorization-api\2.1.0\jakarta.authorization-api-2.1.0.jar;C:\Users\krist\.m2\repository\jakarta\batch\jakarta.batch-api\2.1.1\jakarta.batch-api-2.1.1.jar;C:\Users\krist\.m2\repository\org\codehaus\mojo\jaxws-maven-plugin\2.6\jaxws-maven-plugin-2.6.jar;C:\Users\krist\.m2\repository\javax\jws\javax.jws-api\1.1\javax.jws-api-1.1.jar;C:\Users\krist\.m2\repository\org\apache\maven\maven-plugin-api\3.0\maven-plugin-api-3.0.jar;C:\Users\krist\.m2\repository\org\sonatype\sisu\sisu-inject-plexus\1.4.2\sisu-inject-plexus-1.4.2.jar;C:\Users\krist\.m2\repository\org\sonatype\sisu\sisu-inject-bean\1.4.2\sisu-inject-bean-1.4.2.jar;C:\Users\krist\.m2\repository\org\sonatype\sisu\sisu-guice\2.1.7\sisu-guice-2.1.7-noaop.jar;C:\Users\krist\.m2\repository\org\apache\maven\maven-core\3.0\maven-core-3.0.jar;C:\Users\krist\.m2\repository\org\apache\maven\maven-settings-builder\3.0\maven-settings-builder-3.0.jar;C:\Users\krist\.m2\repository\org\apache\maven\maven-repository-metadata\3.0\maven-repository-metadata-3.0.jar;C:\Users\krist\.m2\repository\org\apache\maven\maven-model-builder\3.0\maven-model-builder-3.0.jar;C:\Users\krist\.m2\repository\org\apache\maven\maven-aether-provider\3.0\maven-aether-provider-3.0.jar;C:\Users\krist\.m2\repository\org\sonatype\aether\aether-impl\1.7\aether-impl-1.7.jar;C:\Users\krist\.m2\repository\org\sonatype\aether\aether-spi\1.7\aether-spi-1.7.jar;C:\Users\krist\.m2\repository\org\sonatype\aether\aether-api\1.7\aether-api-1.7.jar;C:\Users\krist\.m2\repository\org\sonatype\aether\aether-util\1.7\aether-util-1.7.jar;C:\Users\krist\.m2\repository\org\codehaus\plexus\plexus-interpolation\1.14\plexus-interpolation-1.14.jar;C:\Users\krist\.m2\repository\org\codehaus\plexus\plexus-classworlds\2.2.3\plexus-classworlds-2.2.3.jar;C:\Users\krist\.m2\repository\org\codehaus\plexus\plexus-component-annotations\1.5.5\plexus-component-annotations-1.5.5.jar;C:\Users\krist\.m2\repository\org\sonatype\plexus\plexus-sec-dispatcher\1.3\plexus-sec-dispatcher-1.3.jar;C:\Users\krist\.m2\repository\org\sonatype\plexus\plexus-cipher\1.4\plexus-cipher-1.4.jar;C:\Users\krist\.m2\repository\org\apache\maven\maven-model\3.0\maven-model-3.0.jar;C:\Users\krist\.m2\repository\org\apache\maven\maven-settings\3.0\maven-settings-3.0.jar;C:\Users\krist\.m2\repository\org\apache\maven\maven-artifact\3.0\maven-artifact-3.0.jar;C:\Users\krist\.m2\repository\org\codehaus\plexus\plexus-utils\3.2.1\plexus-utils-3.2.1.jar;C:\Users\krist\.m2\repository\jakarta\xml\bind\jakarta.xml.bind-api\4.0.0\jakarta.xml.bind-api-4.0.0.jar;"/>
    <property name="sun.cpu.endian" value="little"/>
    <property name="user.home" value="C:\Users\krist"/>
    <property name="user.language" value="da"/>
    <property name="java.specification.vendor" value="Oracle Corporation"/>
    <property name="java.version.date" value="2022-01-18"/>
    <property name="java.home" value="C:\Program Files\Java\jdk-17.0.2"/>
    <property name="file.separator" value="\"/>
    <property name="basedir" value="C:\Users\krist\OneDrive\Software Projekter\DTU-Pay-Grp11-3\end-to-end-tests"/>
    <property name="java.vm.compressedOopsMode" value="Zero based"/>
    <property name="line.separator" value="&#10;"/>
    <property name="java.vm.specification.vendor" value="Oracle Corporation"/>
    <property name="java.specification.name" value="Java Platform API Specification"/>
    <property name="surefire.real.class.path" value="C:\Users\krist\AppData\Local\Temp\surefire6567178268603210861\surefirebooter16627827055108719763.jar"/>
    <property name="user.script" value=""/>
    <property name="sun.management.compiler" value="HotSpot 64-Bit Tiered Compilers"/>
    <property name="java.runtime.version" value="17.0.2+8-LTS-86"/>
    <property name="user.name" value="krist"/>
    <property name="path.separator" value=";"/>
    <property name="os.version" value="10.0"/>
    <property name="java.runtime.name" value="Java(TM) SE Runtime Environment"/>
    <property name="file.encoding" value="Cp1252"/>
    <property name="java.vm.name" value="Java HotSpot(TM) 64-Bit Server VM"/>
    <property name="localRepository" value="C:\Users\krist\.m2\repository"/>
    <property name="java.vendor.url.bug" value="https://bugreport.java.com/bugreport/"/>
    <property name="java.io.tmpdir" value="C:\Users\krist\AppData\Local\Temp\"/>
    <property name="java.version" value="17.0.2"/>
    <property name="user.dir" value="C:\Users\krist\OneDrive\Software Projekter\DTU-Pay-Grp11-3\end-to-end-tests"/>
    <property name="os.arch" value="amd64"/>
    <property name="java.vm.specification.name" value="Java Virtual Machine Specification"/>
    <property name="sun.os.patch.level" value=""/>
    <property name="native.encoding" value="Cp1252"/>
    <property name="java.library.path" value="C:\Program Files\Java\jdk-17.0.2\bin;C:\WINDOWS\Sun\Java\bin;C:\WINDOWS\system32;C:\WINDOWS;C:\Program Files\Common Files\Oracle\Java\javapath;C:\Program Files (x86)\Razer Chroma SDK\bin;C:\Program Files\Razer Chroma SDK\bin;C:\Program Files (x86)\Razer\ChromaBroadcast\bin;C:\Program Files\Razer\ChromaBroadcast\bin;c:\program files (x86)\common files\oracle\java\javapath;c:\program files (x86)\common files\intel\shared libraries\redist\intel64\compiler;c:\program files (x86)\razer chroma sdk\bin;c:\program files\razer chroma sdk\bin;c:\programdata\oracle\java\javapath;c:\windows\system32;c:\windows;c:\windows\system32\wbem;c:\windows\system32\windowspowershell\v1.0\;c:\users\krist\.dnx\bin;c:\program files\microsoft dnx\dnvm\;c:\windows\system32\openssh\;c:\program files (x86)\skype\phone\;c:\program files\nvidia corporation\nvidia nvdlisr;C:\Program Files (x86)\NVIDIA Corporation\PhysX\Common;C:\PYTHON_HOME;C:\Users\krist\AppData\Local\Programs\Python\Python310;C:\WINDOWS\system32\config\systemprofile\AppData\Local\Microsoft\WindowsApps;C:\WINDOWS\system32;C:\WINDOWS;C:\WINDOWS\System32\Wbem;C:\WINDOWS\System32\WindowsPowerShell\v1.0\;C:\WINDOWS\System32\OpenSSH\;C:\Program Files (x86)\Java\jre1.8.0_241\bin;C:\Program Files\Git\cmd;C:\Program Files\dotnet\;C:\Program Files\Microsoft SQL Server\130\Tools\Binn\;C:\Program Files\Microsoft SQL Server\Client SDK\ODBC\170\Tools\Binn\;C:\Program Files (x86)\dotnet\;C:\Program Files\nodejs\;C:\Users\krist\AppData\Local\Programs\Python\Python310\Scripts;C:\Users\krist\anaconda3;C:\Users\krist\anaconda3\Scripts;C:\Program Files\Maven\apache-maven-3.8.7\bin;C:\Program Files\Docker\Docker\resources\bin;%AXIS2_HOME%\bin;C:\Users\krist\.jbang\bin;C:\Program Files (x86)\Java\jre1.8.0_241\bin;C:\Users\krist\AppData\Local\atom\bin;C:\Users\krist\.dotnet\tools;C:\Users\krist\AppData\Local\Programs\Microsoft VS Code\bin;C:\Users\krist\AppData\Roaming\npm;C:\Program Files (x86)\Nmap;."/>
    <property name="java.vm.info" value="mixed mode, sharing"/>
    <property name="java.vendor" value="Oracle Corporation"/>
    <property name="java.vm.version" value="17.0.2+8-LTS-86"/>
    <property name="sun.io.unicode.encoding" value="UnicodeLittle"/>
    <property name="java.class.version" value="61.0"/>
  </properties>
  <testcase name="Merchant registration" classname="e2eTest.CucumberTest" time="0.69"/>
  <testcase name="Customer registration" classname="e2eTest.CucumberTest" time="0.048"/>
  <testcase name="Money is successfully Transferred from Customer to Merchant" classname="e2eTest.CucumberTest" time="0.047">
    <error message="The step &apos;there is a payment with empty amount, token and mid&apos; and 10 other step(s) are undefined.&#10;You can implement these steps using the snippet(s) below:&#10;&#10;@Given(&quot;there is a payment with empty amount, token and mid&quot;)&#10;public void thereIsAPaymentWithEmptyAmountTokenAndMid() {&#10;    // Write code here that turns the phrase above into concrete actions&#10;    throw new io.cucumber.java.PendingException();&#10;}&#10;@When(&quot;the payment is being initiated&quot;)&#10;public void thePaymentIsBeingInitiated() {&#10;    // Write code here that turns the phrase above into concrete actions&#10;    throw new io.cucumber.java.PendingException();&#10;}&#10;@Then(&quot;a {string} event is sent&quot;)&#10;public void aEventIsSent(String string) {&#10;    // Write code here that turns the phrase above into concrete actions&#10;    throw new io.cucumber.java.PendingException();&#10;}&#10;@When(&quot;a {string} event for the payment is sent with non-empty amount&quot;)&#10;public void aEventForThePaymentIsSentWithNonEmptyAmount(String string) {&#10;    // Write code here that turns the phrase above into concrete actions&#10;    throw new io.cucumber.java.PendingException();&#10;}&#10;@When(&quot;a {string} event for the payment is sent with non-empty mid&quot;)&#10;public void aEventForThePaymentIsSentWithNonEmptyMid(String string) {&#10;    // Write code here that turns the phrase above into concrete actions&#10;    throw new io.cucumber.java.PendingException();&#10;}&#10;@When(&quot;a {string} event for the payment is sent with non-empty token&quot;)&#10;public void aEventForThePaymentIsSentWithNonEmptyToken(String string) {&#10;    // Write code here that turns the phrase above into concrete actions&#10;    throw new io.cucumber.java.PendingException();&#10;}&#10;@Then(&quot;the payment is set with an amount, a token and a mid&quot;)&#10;public void thePaymentIsSetWithAnAmountATokenAndAMid() {&#10;    // Write code here that turns the phrase above into concrete actions&#10;    throw new io.cucumber.java.PendingException();&#10;}&#10;@When(&quot;the {string} event for a payment is sent&quot;)&#10;public void theEventForAPaymentIsSent(String string) {&#10;    // Write code here that turns the phrase above into concrete actions&#10;    throw new io.cucumber.java.PendingException();&#10;}&#10;@Then(&quot;the transfer has been made&quot;)&#10;public void theTransferHasBeenMade() {&#10;    // Write code here that turns the phrase above into concrete actions&#10;    throw new io.cucumber.java.PendingException();&#10;}&#10;" type="io.cucumber.junit.UndefinedStepException">io.cucumber.junit.UndefinedStepException: 
The step 'there is a payment with empty amount, token and mid' and 10 other step(s) are undefined.
You can implement these steps using the snippet(s) below:

@Given("there is a payment with empty amount, token and mid")
public void thereIsAPaymentWithEmptyAmountTokenAndMid() {
    // Write code here that turns the phrase above into concrete actions
    throw new io.cucumber.java.PendingException();
}
@When("the payment is being initiated")
public void thePaymentIsBeingInitiated() {
    // Write code here that turns the phrase above into concrete actions
    throw new io.cucumber.java.PendingException();
}
@Then("a {string} event is sent")
public void aEventIsSent(String string) {
    // Write code here that turns the phrase above into concrete actions
    throw new io.cucumber.java.PendingException();
}
@When("a {string} event for the payment is sent with non-empty amount")
public void aEventForThePaymentIsSentWithNonEmptyAmount(String string) {
    // Write code here that turns the phrase above into concrete actions
    throw new io.cucumber.java.PendingException();
}
@When("a {string} event for the payment is sent with non-empty mid")
public void aEventForThePaymentIsSentWithNonEmptyMid(String string) {
    // Write code here that turns the phrase above into concrete actions
    throw new io.cucumber.java.PendingException();
}
@When("a {string} event for the payment is sent with non-empty token")
public void aEventForThePaymentIsSentWithNonEmptyToken(String string) {
    // Write code here that turns the phrase above into concrete actions
    throw new io.cucumber.java.PendingException();
}
@Then("the payment is set with an amount, a token and a mid")
public void thePaymentIsSetWithAnAmountATokenAndAMid() {
    // Write code here that turns the phrase above into concrete actions
    throw new io.cucumber.java.PendingException();
}
@When("the {string} event for a payment is sent")
public void theEventForAPaymentIsSent(String string) {
    // Write code here that turns the phrase above into concrete actions
    throw new io.cucumber.java.PendingException();
}
@Then("the transfer has been made")
public void theTransferHasBeenMade() {
    // Write code here that turns the phrase above into concrete actions
    throw new io.cucumber.java.PendingException();
}

</error>
  </testcase>
</testsuite>