<?xml version="1.0" encoding="UTF-8"?>
<testsuite xmlns:xsi="http://www.w3.org/2001/XMLSchema-instance" xsi:noNamespaceSchemaLocation="https://maven.apache.org/surefire/maven-surefire-plugin/xsd/surefire-test-report.xsd" name="e2eTest.CucumberTest" time="2.228" tests="6" errors="0" skipped="0" failures="0">
  <properties>
    <property name="sun.desktop" value="windows"/>
    <property name="awt.toolkit" value="sun.awt.windows.WToolkit"/>
    <property name="java.specification.version" value="11"/>
    <property name="sun.cpu.isalist" value="amd64"/>
    <property name="sun.jnu.encoding" value="Cp1252"/>
    <property name="java.class.path" value="C:\Users\krist\Documents\Software Projects\DTU-Pay-Grp11-3\end-to-end-tests\target\test-classes;C:\Users\krist\Documents\Software Projects\DTU-Pay-Grp11-3\end-to-end-tests\target\classes;C:\Users\krist\.m2\repository\io\cucumber\cucumber-java\7.10.1\cucumber-java-7.10.1.jar;C:\Users\krist\.m2\repository\io\cucumber\cucumber-core\7.10.1\cucumber-core-7.10.1.jar;C:\Users\krist\.m2\repository\io\cucumber\cucumber-gherkin\7.10.1\cucumber-gherkin-7.10.1.jar;C:\Users\krist\.m2\repository\io\cucumber\cucumber-gherkin-messages\7.10.1\cucumber-gherkin-messages-7.10.1.jar;C:\Users\krist\.m2\repository\io\cucumber\gherkin\25.0.2\gherkin-25.0.2.jar;C:\Users\krist\.m2\repository\io\cucumber\messages\19.1.4\messages-19.1.4.jar;C:\Users\krist\.m2\repository\io\cucumber\tag-expressions\4.1.0\tag-expressions-4.1.0.jar;C:\Users\krist\.m2\repository\io\cucumber\cucumber-expressions\16.1.1\cucumber-expressions-16.1.1.jar;C:\Users\krist\.m2\repository\io\cucumber\datatable\7.10.1\datatable-7.10.1.jar;C:\Users\krist\.m2\repository\io\cucumber\cucumber-plugin\7.10.1\cucumber-plugin-7.10.1.jar;C:\Users\krist\.m2\repository\io\cucumber\docstring\7.10.1\docstring-7.10.1.jar;C:\Users\krist\.m2\repository\io\cucumber\html-formatter\20.2.0\html-formatter-20.2.0.jar;C:\Users\krist\.m2\repository\io\cucumber\ci-environment\9.1.0\ci-environment-9.1.0.jar;C:\Users\krist\.m2\repository\org\apiguardian\apiguardian-api\1.1.2\apiguardian-api-1.1.2.jar;C:\Users\krist\.m2\repository\io\cucumber\cucumber-junit\7.10.1\cucumber-junit-7.10.1.jar;C:\Users\krist\.m2\repository\junit\junit\4.13.2\junit-4.13.2.jar;C:\Users\krist\.m2\repository\org\hamcrest\hamcrest-core\1.3\hamcrest-core-1.3.jar;C:\Users\krist\.m2\repository\io\cucumber\cucumber-picocontainer\7.10.1\cucumber-picocontainer-7.10.1.jar;C:\Users\krist\.m2\repository\org\picocontainer\picocontainer\2.15\picocontainer-2.15.jar;C:\Users\krist\.m2\repository\org\junit\jupiter\junit-jupiter-engine\5.7.0\junit-jupiter-engine-5.7.0.jar;C:\Users\krist\.m2\repository\org\junit\platform\junit-platform-engine\1.7.0\junit-platform-engine-1.7.0.jar;C:\Users\krist\.m2\repository\org\opentest4j\opentest4j\1.2.0\opentest4j-1.2.0.jar;C:\Users\krist\.m2\repository\org\junit\platform\junit-platform-commons\1.7.0\junit-platform-commons-1.7.0.jar;C:\Users\krist\.m2\repository\org\junit\jupiter\junit-jupiter-api\5.7.0\junit-jupiter-api-5.7.0.jar;C:\Users\krist\.m2\repository\io\cucumber\cucumber-junit-platform-engine\7.10.1\cucumber-junit-platform-engine-7.10.1.jar;C:\Users\krist\.m2\repository\org\junit\vintage\junit-vintage-engine\5.8.1\junit-vintage-engine-5.8.1.jar;C:\Users\krist\.m2\repository\org\junit\platform\junit-platform-runner\1.8.1\junit-platform-runner-1.8.1.jar;C:\Users\krist\.m2\repository\org\junit\platform\junit-platform-launcher\1.8.1\junit-platform-launcher-1.8.1.jar;C:\Users\krist\.m2\repository\org\junit\platform\junit-platform-suite-api\1.8.1\junit-platform-suite-api-1.8.1.jar;C:\Users\krist\.m2\repository\org\junit\platform\junit-platform-suite-commons\1.8.1\junit-platform-suite-commons-1.8.1.jar;C:\Users\krist\.m2\repository\io\quarkus\quarkus-resteasy-jsonb\1.10.5.Final\quarkus-resteasy-jsonb-1.10.5.Final.jar;C:\Users\krist\.m2\repository\io\quarkus\quarkus-resteasy\1.10.5.Final\quarkus-resteasy-1.10.5.Final.jar;C:\Users\krist\.m2\repository\io\quarkus\quarkus-vertx-http\1.10.5.Final\quarkus-vertx-http-1.10.5.Final.jar;C:\Users\krist\.m2\repository\io\quarkus\quarkus-security-runtime-spi\1.10.5.Final\quarkus-security-runtime-spi-1.10.5.Final.jar;C:\Users\krist\.m2\repository\io\quarkus\security\quarkus-security\1.1.3.Final\quarkus-security-1.1.3.Final.jar;C:\Users\krist\.m2\repository\io\smallrye\reactive\mutiny\0.4.3\mutiny-0.4.3.jar;C:\Users\krist\.m2\repository\io\quarkus\quarkus-vertx-core\1.10.5.Final\quarkus-vertx-core-1.10.5.Final.jar;C:\Users\krist\.m2\repository\io\quarkus\quarkus-netty\1.10.5.Final\quarkus-netty-1.10.5.Final.jar;C:\Users\krist\.m2\repository\io\netty\netty-codec\4.1.49.Final\netty-codec-4.1.49.Final.jar;C:\Users\krist\.m2\repository\io\netty\netty-handler\4.1.49.Final\netty-handler-4.1.49.Final.jar;C:\Users\krist\.m2\repository\io\vertx\vertx-core\3.9.5\vertx-core-3.9.5.jar;C:\Users\krist\.m2\repository\io\netty\netty-common\4.1.49.Final\netty-common-4.1.49.Final.jar;C:\Users\krist\.m2\repository\io\netty\netty-buffer\4.1.49.Final\netty-buffer-4.1.49.Final.jar;C:\Users\krist\.m2\repository\io\netty\netty-transport\4.1.49.Final\netty-transport-4.1.49.Final.jar;C:\Users\krist\.m2\repository\io\netty\netty-handler-proxy\4.1.49.Final\netty-handler-proxy-4.1.49.Final.jar;C:\Users\krist\.m2\repository\io\netty\netty-codec-socks\4.1.49.Final\netty-codec-socks-4.1.49.Final.jar;C:\Users\krist\.m2\repository\io\netty\netty-codec-http\4.1.49.Final\netty-codec-http-4.1.49.Final.jar;C:\Users\krist\.m2\repository\io\netty\netty-codec-http2\4.1.49.Final\netty-codec-http2-4.1.49.Final.jar;C:\Users\krist\.m2\repository\io\netty\netty-resolver\4.1.49.Final\netty-resolver-4.1.49.Final.jar;C:\Users\krist\.m2\repository\io\netty\netty-resolver-dns\4.1.49.Final\netty-resolver-dns-4.1.49.Final.jar;C:\Users\krist\.m2\repository\io\netty\netty-codec-dns\4.1.49.Final\netty-codec-dns-4.1.49.Final.jar;C:\Users\krist\.m2\repository\com\fasterxml\jackson\core\jackson-core\2.11.3\jackson-core-2.11.3.jar;C:\Users\krist\.m2\repository\io\vertx\vertx-web\3.9.5\vertx-web-3.9.5.jar;C:\Users\krist\.m2\repository\io\vertx\vertx-web-common\3.9.5\vertx-web-common-3.9.5.jar;C:\Users\krist\.m2\repository\io\vertx\vertx-auth-common\3.9.5\vertx-auth-common-3.9.5.jar;C:\Users\krist\.m2\repository\io\vertx\vertx-bridge-common\3.9.5\vertx-bridge-common-3.9.5.jar;C:\Users\krist\.m2\repository\io\quarkus\quarkus-resteasy-server-common\1.10.5.Final\quarkus-resteasy-server-common-1.10.5.Final.jar;C:\Users\krist\.m2\repository\io\quarkus\quarkus-resteasy-common\1.10.5.Final\quarkus-resteasy-common-1.10.5.Final.jar;C:\Users\krist\.m2\repository\io\quarkus\quarkus-jsonb\1.10.5.Final\quarkus-jsonb-1.10.5.Final.jar;C:\Users\krist\.m2\repository\org\eclipse\yasson\1.0.8\yasson-1.0.8.jar;C:\Users\krist\.m2\repository\io\quarkus\quarkus-core\1.10.5.Final\quarkus-core-1.10.5.Final.jar;C:\Users\krist\.m2\repository\io\quarkus\quarkus-ide-launcher\1.10.5.Final\quarkus-ide-launcher-1.10.5.Final.jar;C:\Users\krist\.m2\repository\io\quarkus\quarkus-development-mode-spi\1.10.5.Final\quarkus-development-mode-spi-1.10.5.Final.jar;C:\Users\krist\.m2\repository\org\jboss\logmanager\jboss-logmanager-embedded\1.0.6\jboss-logmanager-embedded-1.0.6.jar;C:\Users\krist\.m2\repository\org\jboss\logging\jboss-logging-annotations\2.1.0.Final\jboss-logging-annotations-2.1.0.Final.jar;C:\Users\krist\.m2\repository\org\jboss\threads\jboss-threads\3.1.1.Final\jboss-threads-3.1.1.Final.jar;C:\Users\krist\.m2\repository\org\jboss\slf4j\slf4j-jboss-logmanager\1.1.0.Final\slf4j-jboss-logmanager-1.1.0.Final.jar;C:\Users\krist\.m2\repository\org\graalvm\sdk\graal-sdk\20.2.0\graal-sdk-20.2.0.jar;C:\Users\krist\.m2\repository\org\wildfly\common\wildfly-common\1.5.4.Final-format-001\wildfly-common-1.5.4.Final-format-001.jar;C:\Users\krist\.m2\repository\io\quarkus\quarkus-bootstrap-runner\1.10.5.Final\quarkus-bootstrap-runner-1.10.5.Final.jar;C:\Users\krist\.m2\repository\io\smallrye\common\smallrye-common-io\1.4.1\smallrye-common-io-1.4.1.jar;C:\Users\krist\.m2\repository\io\quarkus\quarkus-arc\1.10.5.Final\quarkus-arc-1.10.5.Final.jar;C:\Users\krist\.m2\repository\io\quarkus\arc\arc\1.10.5.Final\arc-1.10.5.Final.jar;C:\Users\krist\.m2\repository\org\eclipse\microprofile\context-propagation\microprofile-context-propagation-api\1.0.1\microprofile-context-propagation-api-1.0.1.jar;C:\Users\krist\.m2\repository\io\quarkus\quarkus-jsonp\1.10.5.Final\quarkus-jsonp-1.10.5.Final.jar;C:\Users\krist\.m2\repository\org\jboss\resteasy\resteasy-json-binding-provider\4.5.8.Final\resteasy-json-binding-provider-4.5.8.Final.jar;C:\Users\krist\.m2\repository\org\glassfish\jakarta.json\1.1.6\jakarta.json-1.1.6.jar;C:\Users\krist\.m2\repository\jakarta\json\bind\jakarta.json.bind-api\1.0.2\jakarta.json.bind-api-1.0.2.jar;C:\Users\krist\.m2\repository\org\jboss\resteasy\resteasy-json-p-provider\4.5.8.Final\resteasy-json-p-provider-4.5.8.Final.jar;C:\Users\krist\.m2\repository\commons-io\commons-io\2.8.0\commons-io-2.8.0.jar;C:\Users\krist\.m2\repository\io\quarkus\quarkus-resteasy-jaxb\1.10.5.Final\quarkus-resteasy-jaxb-1.10.5.Final.jar;C:\Users\krist\.m2\repository\io\quarkus\quarkus-jaxb\1.10.5.Final\quarkus-jaxb-1.10.5.Final.jar;C:\Users\krist\.m2\repository\io\quarkus\quarkus-jaxp\1.10.5.Final\quarkus-jaxp-1.10.5.Final.jar;C:\Users\krist\.m2\repository\org\glassfish\jaxb\jaxb-runtime\2.3.3-b02\jaxb-runtime-2.3.3-b02.jar;C:\Users\krist\.m2\repository\org\glassfish\jaxb\txw2\2.3.3-b02\txw2-2.3.3-b02.jar;C:\Users\krist\.m2\repository\com\sun\istack\istack-commons-runtime\3.0.10\istack-commons-runtime-3.0.10.jar;C:\Users\krist\.m2\repository\org\jboss\resteasy\resteasy-jaxb-provider\4.5.8.Final\resteasy-jaxb-provider-4.5.8.Final.jar;C:\Users\krist\.m2\repository\org\jboss\spec\javax\xml\bind\jboss-jaxb-api_2.3_spec\2.0.0.Final\jboss-jaxb-api_2.3_spec-2.0.0.Final.jar;C:\Users\krist\.m2\repository\com\sun\xml\ws\jaxws-rt\4.0.0\jaxws-rt-4.0.0.jar;C:\Users\krist\.m2\repository\com\sun\xml\bind\jaxb-impl\4.0.0\jaxb-impl-4.0.0.jar;C:\Users\krist\.m2\repository\com\sun\xml\bind\jaxb-core\4.0.0\jaxb-core-4.0.0.jar;C:\Users\krist\.m2\repository\org\glassfish\ha\ha-api\3.1.13\ha-api-3.1.13.jar;C:\Users\krist\.m2\repository\org\glassfish\external\management-api\3.2.3\management-api-3.2.3.jar;C:\Users\krist\.m2\repository\org\glassfish\gmbal\gmbal-api-only\4.0.3\gmbal-api-only-4.0.3.jar;C:\Users\krist\.m2\repository\org\jvnet\staxex\stax-ex\2.1.0\stax-ex-2.1.0.jar;C:\Users\krist\.m2\repository\com\sun\xml\stream\buffer\streambuffer\2.1.0\streambuffer-2.1.0.jar;C:\Users\krist\.m2\repository\org\jvnet\mimepull\mimepull\1.10.0\mimepull-1.10.0.jar;C:\Users\krist\.m2\repository\com\sun\xml\fastinfoset\FastInfoset\2.1.0\FastInfoset-2.1.0.jar;C:\Users\krist\.m2\repository\org\eclipse\angus\angus-activation\1.0.0\angus-activation-1.0.0.jar;C:\Users\krist\.m2\repository\org\eclipse\angus\angus-mail\1.0.0\angus-mail-1.0.0.jar;C:\Users\krist\.m2\repository\com\sun\xml\messaging\saaj\saaj-impl\3.0.0\saaj-impl-3.0.0.jar;C:\Users\krist\.m2\repository\com\fasterxml\woodstox\woodstox-core\6.2.8\woodstox-core-6.2.8.jar;C:\Users\krist\.m2\repository\org\codehaus\woodstox\stax2-api\4.2.1\stax2-api-4.2.1.jar;C:\Users\krist\.m2\repository\com\sun\xml\ws\jaxws-tools\4.0.0\jaxws-tools-4.0.0.jar;C:\Users\krist\.m2\repository\com\sun\xml\bind\jaxb-xjc\4.0.0\jaxb-xjc-4.0.0.jar;C:\Users\krist\.m2\repository\com\sun\xml\bind\jaxb-jxc\4.0.0\jaxb-jxc-4.0.0.jar;C:\Users\krist\.m2\repository\com\sun\xml\ws\jaxws-eclipselink-plugin\4.0.0\jaxws-eclipselink-plugin-4.0.0.jar;C:\Users\krist\.m2\repository\org\eclipse\persistence\org.eclipse.persistence.moxy\4.0.0-M3\org.eclipse.persistence.moxy-4.0.0-M3.jar;C:\Users\krist\.m2\repository\org\eclipse\persistence\org.eclipse.persistence.asm\9.2.0\org.eclipse.persistence.asm-9.2.0.jar;C:\Users\krist\.m2\repository\org\eclipse\persistence\org.eclipse.persistence.core\4.0.0-M3\org.eclipse.persistence.core-4.0.0-M3.jar;C:\Users\krist\.m2\repository\com\sun\xml\ws\sdo-eclipselink-plugin\4.0.0\sdo-eclipselink-plugin-4.0.0.jar;C:\Users\krist\.m2\repository\org\eclipse\persistence\org.eclipse.persistence.sdo\4.0.0-M3\org.eclipse.persistence.sdo-4.0.0-M3.jar;C:\Users\krist\.m2\repository\jakarta\activation\jakarta.activation-api\2.1.0\jakarta.activation-api-2.1.0.jar;C:\Users\krist\.m2\repository\jakarta\xml\ws\jakarta.xml.ws-api\4.0.0\jakarta.xml.ws-api-4.0.0.jar;C:\Users\krist\.m2\repository\jakarta\xml\bind\jakarta.xml.bind-api\4.0.0\jakarta.xml.bind-api-4.0.0.jar;C:\Users\krist\.m2\repository\jakarta\xml\soap\jakarta.xml.soap-api\3.0.0\jakarta.xml.soap-api-3.0.0.jar;C:\Users\krist\.m2\repository\jakarta\annotation\jakarta.annotation-api\2.1.1\jakarta.annotation-api-2.1.1.jar;C:\Users\krist\.m2\repository\org\jboss\resteasy\resteasy-client\4.5.8.Final\resteasy-client-4.5.8.Final.jar;C:\Users\krist\.m2\repository\org\jboss\resteasy\resteasy-client-api\4.5.8.Final\resteasy-client-api-4.5.8.Final.jar;C:\Users\krist\.m2\repository\org\jboss\resteasy\resteasy-core-spi\4.5.8.Final\resteasy-core-spi-4.5.8.Final.jar;C:\Users\krist\.m2\repository\org\reactivestreams\reactive-streams\1.0.3\reactive-streams-1.0.3.jar;C:\Users\krist\.m2\repository\jakarta\validation\jakarta.validation-api\2.0.2\jakarta.validation-api-2.0.2.jar;C:\Users\krist\.m2\repository\org\jboss\spec\javax\annotation\jboss-annotations-api_1.3_spec\2.0.1.Final\jboss-annotations-api_1.3_spec-2.0.1.Final.jar;C:\Users\krist\.m2\repository\com\sun\activation\jakarta.activation\1.2.1\jakarta.activation-1.2.1.jar;C:\Users\krist\.m2\repository\org\jboss\resteasy\resteasy-core\4.5.8.Final\resteasy-core-4.5.8.Final.jar;C:\Users\krist\.m2\repository\com\ibm\async\asyncutil\0.1.0\asyncutil-0.1.0.jar;C:\Users\krist\.m2\repository\org\eclipse\microprofile\config\microprofile-config-api\1.4\microprofile-config-api-1.4.jar;C:\Users\krist\.m2\repository\io\smallrye\config\smallrye-config\1.6.1\smallrye-config-1.6.1.jar;C:\Users\krist\.m2\repository\io\smallrye\config\smallrye-config-common\1.6.1\smallrye-config-common-1.6.1.jar;C:\Users\krist\.m2\repository\org\jboss\logging\jboss-logging\3.3.2.Final\jboss-logging-3.3.2.Final.jar;C:\Users\krist\.m2\repository\org\apache\httpcomponents\httpclient\4.5.12\httpclient-4.5.12.jar;C:\Users\krist\.m2\repository\org\apache\httpcomponents\httpcore\4.4.13\httpcore-4.4.13.jar;C:\Users\krist\.m2\repository\commons-logging\commons-logging\1.2\commons-logging-1.2.jar;C:\Users\krist\.m2\repository\commons-codec\commons-codec\1.13\commons-codec-1.13.jar;C:\Users\krist\.m2\repository\org\jboss\spec\javax\ws\rs\jboss-jaxrs-api_2.1_spec\2.0.1.Final\jboss-jaxrs-api_2.1_spec-2.0.1.Final.jar;C:\Users\krist\.m2\repository\org\jboss\resteasy\resteasy-jaxrs\3.0.4.Final\resteasy-jaxrs-3.0.4.Final.jar;C:\Users\krist\.m2\repository\org\jboss\resteasy\jaxrs-api\3.0.4.Final\jaxrs-api-3.0.4.Final.jar;C:\Users\krist\.m2\repository\org\slf4j\slf4j-simple\1.5.8\slf4j-simple-1.5.8.jar;C:\Users\krist\.m2\repository\org\slf4j\slf4j-api\1.5.8\slf4j-api-1.5.8.jar;C:\Users\krist\.m2\repository\org\scannotation\scannotation\1.0.3\scannotation-1.0.3.jar;C:\Users\krist\.m2\repository\javassist\javassist\3.12.1.GA\javassist-3.12.1.GA.jar;C:\Users\krist\.m2\repository\org\jboss\spec\javax\annotation\jboss-annotations-api_1.1_spec\1.0.1.Final\jboss-annotations-api_1.1_spec-1.0.1.Final.jar;C:\Users\krist\.m2\repository\javax\activation\activation\1.1\activation-1.1.jar;C:\Users\krist\.m2\repository\net\jcip\jcip-annotations\1.0\jcip-annotations-1.0.jar;C:\Users\krist\.m2\repository\org\projectlombok\lombok\1.18.20\lombok-1.18.20.jar;C:\Users\krist\.m2\repository\jakarta\platform\jakarta.jakartaee-api\10.0.0\jakarta.jakartaee-api-10.0.0.jar;C:\Users\krist\.m2\repository\jakarta\platform\jakarta.jakartaee-web-api\10.0.0\jakarta.jakartaee-web-api-10.0.0.jar;C:\Users\krist\.m2\repository\jakarta\servlet\jakarta.servlet-api\6.0.0\jakarta.servlet-api-6.0.0.jar;C:\Users\krist\.m2\repository\jakarta\servlet\jsp\jakarta.servlet.jsp-api\3.1.0\jakarta.servlet.jsp-api-3.1.0.jar;C:\Users\krist\.m2\repository\jakarta\el\jakarta.el-api\5.0.1\jakarta.el-api-5.0.1.jar;C:\Users\krist\.m2\repository\jakarta\servlet\jsp\jstl\jakarta.servlet.jsp.jstl-api\3.0.0\jakarta.servlet.jsp.jstl-api-3.0.0.jar;C:\Users\krist\.m2\repository\jakarta\faces\jakarta.faces-api\4.0.1\jakarta.faces-api-4.0.1.jar;C:\Users\krist\.m2\repository\jakarta\ws\rs\jakarta.ws.rs-api\3.1.0\jakarta.ws.rs-api-3.1.0.jar;C:\Users\krist\.m2\repository\jakarta\websocket\jakarta.websocket-api\2.1.0\jakarta.websocket-api-2.1.0.jar;C:\Users\krist\.m2\repository\jakarta\websocket\jakarta.websocket-client-api\2.1.0\jakarta.websocket-client-api-2.1.0.jar;C:\Users\krist\.m2\repository\jakarta\json\jakarta.json-api\2.1.0\jakarta.json-api-2.1.0.jar;C:\Users\krist\.m2\repository\jakarta\ejb\jakarta.ejb-api\4.0.1\jakarta.ejb-api-4.0.1.jar;C:\Users\krist\.m2\repository\jakarta\transaction\jakarta.transaction-api\2.0.1\jakarta.transaction-api-2.0.1.jar;C:\Users\krist\.m2\repository\jakarta\persistence\jakarta.persistence-api\3.1.0\jakarta.persistence-api-3.1.0.jar;C:\Users\krist\.m2\repository\jakarta\interceptor\jakarta.interceptor-api\2.1.0\jakarta.interceptor-api-2.1.0.jar;C:\Users\krist\.m2\repository\jakarta\enterprise\jakarta.enterprise.cdi-api\4.0.1\jakarta.enterprise.cdi-api-4.0.1.jar;C:\Users\krist\.m2\repository\jakarta\enterprise\jakarta.enterprise.lang-model\4.0.1\jakarta.enterprise.lang-model-4.0.1.jar;C:\Users\krist\.m2\repository\jakarta\inject\jakarta.inject-api\2.0.1\jakarta.inject-api-2.0.1.jar;C:\Users\krist\.m2\repository\jakarta\authentication\jakarta.authentication-api\3.0.0\jakarta.authentication-api-3.0.0.jar;C:\Users\krist\.m2\repository\jakarta\security\enterprise\jakarta.security.enterprise-api\3.0.0\jakarta.security.enterprise-api-3.0.0.jar;C:\Users\krist\.m2\repository\jakarta\jms\jakarta.jms-api\3.1.0\jakarta.jms-api-3.1.0.jar;C:\Users\krist\.m2\repository\jakarta\mail\jakarta.mail-api\2.1.0\jakarta.mail-api-2.1.0.jar;C:\Users\krist\.m2\repository\jakarta\resource\jakarta.resource-api\2.1.0\jakarta.resource-api-2.1.0.jar;C:\Users\krist\.m2\repository\jakarta\authorization\jakarta.authorization-api\2.1.0\jakarta.authorization-api-2.1.0.jar;C:\Users\krist\.m2\repository\jakarta\batch\jakarta.batch-api\2.1.1\jakarta.batch-api-2.1.1.jar;"/>
    <property name="java.vm.vendor" value="Eclipse Adoptium"/>
    <property name="sun.arch.data.model" value="64"/>
    <property name="user.variant" value=""/>
    <property name="java.vendor.url" value="https://adoptium.net/"/>
    <property name="user.timezone" value="Europe/Paris"/>
    <property name="java.vm.specification.version" value="11"/>
    <property name="os.name" value="Windows 10"/>
    <property name="sun.java.launcher" value="SUN_STANDARD"/>
    <property name="user.country" value="DK"/>
    <property name="sun.boot.library.path" value="C:\Users\krist\.jbang\currentjdk\bin"/>
    <property name="sun.java.command" value="C:\Users\krist\AppData\Local\Temp\surefire17698658730351193256\surefirebooter6034593241892111076.jar C:\Users\krist\AppData\Local\Temp\surefire17698658730351193256 2023-01-19T18-46-14_031-jvmRun1 surefire92394890917627837tmp surefire_02483336626278888673tmp"/>
    <property name="jdk.debug" value="release"/>
    <property name="surefire.test.class.path" value="C:\Users\krist\Documents\Software Projects\DTU-Pay-Grp11-3\end-to-end-tests\target\test-classes;C:\Users\krist\Documents\Software Projects\DTU-Pay-Grp11-3\end-to-end-tests\target\classes;C:\Users\krist\.m2\repository\io\cucumber\cucumber-java\7.10.1\cucumber-java-7.10.1.jar;C:\Users\krist\.m2\repository\io\cucumber\cucumber-core\7.10.1\cucumber-core-7.10.1.jar;C:\Users\krist\.m2\repository\io\cucumber\cucumber-gherkin\7.10.1\cucumber-gherkin-7.10.1.jar;C:\Users\krist\.m2\repository\io\cucumber\cucumber-gherkin-messages\7.10.1\cucumber-gherkin-messages-7.10.1.jar;C:\Users\krist\.m2\repository\io\cucumber\gherkin\25.0.2\gherkin-25.0.2.jar;C:\Users\krist\.m2\repository\io\cucumber\messages\19.1.4\messages-19.1.4.jar;C:\Users\krist\.m2\repository\io\cucumber\tag-expressions\4.1.0\tag-expressions-4.1.0.jar;C:\Users\krist\.m2\repository\io\cucumber\cucumber-expressions\16.1.1\cucumber-expressions-16.1.1.jar;C:\Users\krist\.m2\repository\io\cucumber\datatable\7.10.1\datatable-7.10.1.jar;C:\Users\krist\.m2\repository\io\cucumber\cucumber-plugin\7.10.1\cucumber-plugin-7.10.1.jar;C:\Users\krist\.m2\repository\io\cucumber\docstring\7.10.1\docstring-7.10.1.jar;C:\Users\krist\.m2\repository\io\cucumber\html-formatter\20.2.0\html-formatter-20.2.0.jar;C:\Users\krist\.m2\repository\io\cucumber\ci-environment\9.1.0\ci-environment-9.1.0.jar;C:\Users\krist\.m2\repository\org\apiguardian\apiguardian-api\1.1.2\apiguardian-api-1.1.2.jar;C:\Users\krist\.m2\repository\io\cucumber\cucumber-junit\7.10.1\cucumber-junit-7.10.1.jar;C:\Users\krist\.m2\repository\junit\junit\4.13.2\junit-4.13.2.jar;C:\Users\krist\.m2\repository\org\hamcrest\hamcrest-core\1.3\hamcrest-core-1.3.jar;C:\Users\krist\.m2\repository\io\cucumber\cucumber-picocontainer\7.10.1\cucumber-picocontainer-7.10.1.jar;C:\Users\krist\.m2\repository\org\picocontainer\picocontainer\2.15\picocontainer-2.15.jar;C:\Users\krist\.m2\repository\org\junit\jupiter\junit-jupiter-engine\5.7.0\junit-jupiter-engine-5.7.0.jar;C:\Users\krist\.m2\repository\org\junit\platform\junit-platform-engine\1.7.0\junit-platform-engine-1.7.0.jar;C:\Users\krist\.m2\repository\org\opentest4j\opentest4j\1.2.0\opentest4j-1.2.0.jar;C:\Users\krist\.m2\repository\org\junit\platform\junit-platform-commons\1.7.0\junit-platform-commons-1.7.0.jar;C:\Users\krist\.m2\repository\org\junit\jupiter\junit-jupiter-api\5.7.0\junit-jupiter-api-5.7.0.jar;C:\Users\krist\.m2\repository\io\cucumber\cucumber-junit-platform-engine\7.10.1\cucumber-junit-platform-engine-7.10.1.jar;C:\Users\krist\.m2\repository\org\junit\vintage\junit-vintage-engine\5.8.1\junit-vintage-engine-5.8.1.jar;C:\Users\krist\.m2\repository\org\junit\platform\junit-platform-runner\1.8.1\junit-platform-runner-1.8.1.jar;C:\Users\krist\.m2\repository\org\junit\platform\junit-platform-launcher\1.8.1\junit-platform-launcher-1.8.1.jar;C:\Users\krist\.m2\repository\org\junit\platform\junit-platform-suite-api\1.8.1\junit-platform-suite-api-1.8.1.jar;C:\Users\krist\.m2\repository\org\junit\platform\junit-platform-suite-commons\1.8.1\junit-platform-suite-commons-1.8.1.jar;C:\Users\krist\.m2\repository\io\quarkus\quarkus-resteasy-jsonb\1.10.5.Final\quarkus-resteasy-jsonb-1.10.5.Final.jar;C:\Users\krist\.m2\repository\io\quarkus\quarkus-resteasy\1.10.5.Final\quarkus-resteasy-1.10.5.Final.jar;C:\Users\krist\.m2\repository\io\quarkus\quarkus-vertx-http\1.10.5.Final\quarkus-vertx-http-1.10.5.Final.jar;C:\Users\krist\.m2\repository\io\quarkus\quarkus-security-runtime-spi\1.10.5.Final\quarkus-security-runtime-spi-1.10.5.Final.jar;C:\Users\krist\.m2\repository\io\quarkus\security\quarkus-security\1.1.3.Final\quarkus-security-1.1.3.Final.jar;C:\Users\krist\.m2\repository\io\smallrye\reactive\mutiny\0.4.3\mutiny-0.4.3.jar;C:\Users\krist\.m2\repository\io\quarkus\quarkus-vertx-core\1.10.5.Final\quarkus-vertx-core-1.10.5.Final.jar;C:\Users\krist\.m2\repository\io\quarkus\quarkus-netty\1.10.5.Final\quarkus-netty-1.10.5.Final.jar;C:\Users\krist\.m2\repository\io\netty\netty-codec\4.1.49.Final\netty-codec-4.1.49.Final.jar;C:\Users\krist\.m2\repository\io\netty\netty-handler\4.1.49.Final\netty-handler-4.1.49.Final.jar;C:\Users\krist\.m2\repository\io\vertx\vertx-core\3.9.5\vertx-core-3.9.5.jar;C:\Users\krist\.m2\repository\io\netty\netty-common\4.1.49.Final\netty-common-4.1.49.Final.jar;C:\Users\krist\.m2\repository\io\netty\netty-buffer\4.1.49.Final\netty-buffer-4.1.49.Final.jar;C:\Users\krist\.m2\repository\io\netty\netty-transport\4.1.49.Final\netty-transport-4.1.49.Final.jar;C:\Users\krist\.m2\repository\io\netty\netty-handler-proxy\4.1.49.Final\netty-handler-proxy-4.1.49.Final.jar;C:\Users\krist\.m2\repository\io\netty\netty-codec-socks\4.1.49.Final\netty-codec-socks-4.1.49.Final.jar;C:\Users\krist\.m2\repository\io\netty\netty-codec-http\4.1.49.Final\netty-codec-http-4.1.49.Final.jar;C:\Users\krist\.m2\repository\io\netty\netty-codec-http2\4.1.49.Final\netty-codec-http2-4.1.49.Final.jar;C:\Users\krist\.m2\repository\io\netty\netty-resolver\4.1.49.Final\netty-resolver-4.1.49.Final.jar;C:\Users\krist\.m2\repository\io\netty\netty-resolver-dns\4.1.49.Final\netty-resolver-dns-4.1.49.Final.jar;C:\Users\krist\.m2\repository\io\netty\netty-codec-dns\4.1.49.Final\netty-codec-dns-4.1.49.Final.jar;C:\Users\krist\.m2\repository\com\fasterxml\jackson\core\jackson-core\2.11.3\jackson-core-2.11.3.jar;C:\Users\krist\.m2\repository\io\vertx\vertx-web\3.9.5\vertx-web-3.9.5.jar;C:\Users\krist\.m2\repository\io\vertx\vertx-web-common\3.9.5\vertx-web-common-3.9.5.jar;C:\Users\krist\.m2\repository\io\vertx\vertx-auth-common\3.9.5\vertx-auth-common-3.9.5.jar;C:\Users\krist\.m2\repository\io\vertx\vertx-bridge-common\3.9.5\vertx-bridge-common-3.9.5.jar;C:\Users\krist\.m2\repository\io\quarkus\quarkus-resteasy-server-common\1.10.5.Final\quarkus-resteasy-server-common-1.10.5.Final.jar;C:\Users\krist\.m2\repository\io\quarkus\quarkus-resteasy-common\1.10.5.Final\quarkus-resteasy-common-1.10.5.Final.jar;C:\Users\krist\.m2\repository\io\quarkus\quarkus-jsonb\1.10.5.Final\quarkus-jsonb-1.10.5.Final.jar;C:\Users\krist\.m2\repository\org\eclipse\yasson\1.0.8\yasson-1.0.8.jar;C:\Users\krist\.m2\repository\io\quarkus\quarkus-core\1.10.5.Final\quarkus-core-1.10.5.Final.jar;C:\Users\krist\.m2\repository\io\quarkus\quarkus-ide-launcher\1.10.5.Final\quarkus-ide-launcher-1.10.5.Final.jar;C:\Users\krist\.m2\repository\io\quarkus\quarkus-development-mode-spi\1.10.5.Final\quarkus-development-mode-spi-1.10.5.Final.jar;C:\Users\krist\.m2\repository\org\jboss\logmanager\jboss-logmanager-embedded\1.0.6\jboss-logmanager-embedded-1.0.6.jar;C:\Users\krist\.m2\repository\org\jboss\logging\jboss-logging-annotations\2.1.0.Final\jboss-logging-annotations-2.1.0.Final.jar;C:\Users\krist\.m2\repository\org\jboss\threads\jboss-threads\3.1.1.Final\jboss-threads-3.1.1.Final.jar;C:\Users\krist\.m2\repository\org\jboss\slf4j\slf4j-jboss-logmanager\1.1.0.Final\slf4j-jboss-logmanager-1.1.0.Final.jar;C:\Users\krist\.m2\repository\org\graalvm\sdk\graal-sdk\20.2.0\graal-sdk-20.2.0.jar;C:\Users\krist\.m2\repository\org\wildfly\common\wildfly-common\1.5.4.Final-format-001\wildfly-common-1.5.4.Final-format-001.jar;C:\Users\krist\.m2\repository\io\quarkus\quarkus-bootstrap-runner\1.10.5.Final\quarkus-bootstrap-runner-1.10.5.Final.jar;C:\Users\krist\.m2\repository\io\smallrye\common\smallrye-common-io\1.4.1\smallrye-common-io-1.4.1.jar;C:\Users\krist\.m2\repository\io\quarkus\quarkus-arc\1.10.5.Final\quarkus-arc-1.10.5.Final.jar;C:\Users\krist\.m2\repository\io\quarkus\arc\arc\1.10.5.Final\arc-1.10.5.Final.jar;C:\Users\krist\.m2\repository\org\eclipse\microprofile\context-propagation\microprofile-context-propagation-api\1.0.1\microprofile-context-propagation-api-1.0.1.jar;C:\Users\krist\.m2\repository\io\quarkus\quarkus-jsonp\1.10.5.Final\quarkus-jsonp-1.10.5.Final.jar;C:\Users\krist\.m2\repository\org\jboss\resteasy\resteasy-json-binding-provider\4.5.8.Final\resteasy-json-binding-provider-4.5.8.Final.jar;C:\Users\krist\.m2\repository\org\glassfish\jakarta.json\1.1.6\jakarta.json-1.1.6.jar;C:\Users\krist\.m2\repository\jakarta\json\bind\jakarta.json.bind-api\1.0.2\jakarta.json.bind-api-1.0.2.jar;C:\Users\krist\.m2\repository\org\jboss\resteasy\resteasy-json-p-provider\4.5.8.Final\resteasy-json-p-provider-4.5.8.Final.jar;C:\Users\krist\.m2\repository\commons-io\commons-io\2.8.0\commons-io-2.8.0.jar;C:\Users\krist\.m2\repository\io\quarkus\quarkus-resteasy-jaxb\1.10.5.Final\quarkus-resteasy-jaxb-1.10.5.Final.jar;C:\Users\krist\.m2\repository\io\quarkus\quarkus-jaxb\1.10.5.Final\quarkus-jaxb-1.10.5.Final.jar;C:\Users\krist\.m2\repository\io\quarkus\quarkus-jaxp\1.10.5.Final\quarkus-jaxp-1.10.5.Final.jar;C:\Users\krist\.m2\repository\org\glassfish\jaxb\jaxb-runtime\2.3.3-b02\jaxb-runtime-2.3.3-b02.jar;C:\Users\krist\.m2\repository\org\glassfish\jaxb\txw2\2.3.3-b02\txw2-2.3.3-b02.jar;C:\Users\krist\.m2\repository\com\sun\istack\istack-commons-runtime\3.0.10\istack-commons-runtime-3.0.10.jar;C:\Users\krist\.m2\repository\org\jboss\resteasy\resteasy-jaxb-provider\4.5.8.Final\resteasy-jaxb-provider-4.5.8.Final.jar;C:\Users\krist\.m2\repository\org\jboss\spec\javax\xml\bind\jboss-jaxb-api_2.3_spec\2.0.0.Final\jboss-jaxb-api_2.3_spec-2.0.0.Final.jar;C:\Users\krist\.m2\repository\com\sun\xml\ws\jaxws-rt\4.0.0\jaxws-rt-4.0.0.jar;C:\Users\krist\.m2\repository\com\sun\xml\bind\jaxb-impl\4.0.0\jaxb-impl-4.0.0.jar;C:\Users\krist\.m2\repository\com\sun\xml\bind\jaxb-core\4.0.0\jaxb-core-4.0.0.jar;C:\Users\krist\.m2\repository\org\glassfish\ha\ha-api\3.1.13\ha-api-3.1.13.jar;C:\Users\krist\.m2\repository\org\glassfish\external\management-api\3.2.3\management-api-3.2.3.jar;C:\Users\krist\.m2\repository\org\glassfish\gmbal\gmbal-api-only\4.0.3\gmbal-api-only-4.0.3.jar;C:\Users\krist\.m2\repository\org\jvnet\staxex\stax-ex\2.1.0\stax-ex-2.1.0.jar;C:\Users\krist\.m2\repository\com\sun\xml\stream\buffer\streambuffer\2.1.0\streambuffer-2.1.0.jar;C:\Users\krist\.m2\repository\org\jvnet\mimepull\mimepull\1.10.0\mimepull-1.10.0.jar;C:\Users\krist\.m2\repository\com\sun\xml\fastinfoset\FastInfoset\2.1.0\FastInfoset-2.1.0.jar;C:\Users\krist\.m2\repository\org\eclipse\angus\angus-activation\1.0.0\angus-activation-1.0.0.jar;C:\Users\krist\.m2\repository\org\eclipse\angus\angus-mail\1.0.0\angus-mail-1.0.0.jar;C:\Users\krist\.m2\repository\com\sun\xml\messaging\saaj\saaj-impl\3.0.0\saaj-impl-3.0.0.jar;C:\Users\krist\.m2\repository\com\fasterxml\woodstox\woodstox-core\6.2.8\woodstox-core-6.2.8.jar;C:\Users\krist\.m2\repository\org\codehaus\woodstox\stax2-api\4.2.1\stax2-api-4.2.1.jar;C:\Users\krist\.m2\repository\com\sun\xml\ws\jaxws-tools\4.0.0\jaxws-tools-4.0.0.jar;C:\Users\krist\.m2\repository\com\sun\xml\bind\jaxb-xjc\4.0.0\jaxb-xjc-4.0.0.jar;C:\Users\krist\.m2\repository\com\sun\xml\bind\jaxb-jxc\4.0.0\jaxb-jxc-4.0.0.jar;C:\Users\krist\.m2\repository\com\sun\xml\ws\jaxws-eclipselink-plugin\4.0.0\jaxws-eclipselink-plugin-4.0.0.jar;C:\Users\krist\.m2\repository\org\eclipse\persistence\org.eclipse.persistence.moxy\4.0.0-M3\org.eclipse.persistence.moxy-4.0.0-M3.jar;C:\Users\krist\.m2\repository\org\eclipse\persistence\org.eclipse.persistence.asm\9.2.0\org.eclipse.persistence.asm-9.2.0.jar;C:\Users\krist\.m2\repository\org\eclipse\persistence\org.eclipse.persistence.core\4.0.0-M3\org.eclipse.persistence.core-4.0.0-M3.jar;C:\Users\krist\.m2\repository\com\sun\xml\ws\sdo-eclipselink-plugin\4.0.0\sdo-eclipselink-plugin-4.0.0.jar;C:\Users\krist\.m2\repository\org\eclipse\persistence\org.eclipse.persistence.sdo\4.0.0-M3\org.eclipse.persistence.sdo-4.0.0-M3.jar;C:\Users\krist\.m2\repository\jakarta\activation\jakarta.activation-api\2.1.0\jakarta.activation-api-2.1.0.jar;C:\Users\krist\.m2\repository\jakarta\xml\ws\jakarta.xml.ws-api\4.0.0\jakarta.xml.ws-api-4.0.0.jar;C:\Users\krist\.m2\repository\jakarta\xml\bind\jakarta.xml.bind-api\4.0.0\jakarta.xml.bind-api-4.0.0.jar;C:\Users\krist\.m2\repository\jakarta\xml\soap\jakarta.xml.soap-api\3.0.0\jakarta.xml.soap-api-3.0.0.jar;C:\Users\krist\.m2\repository\jakarta\annotation\jakarta.annotation-api\2.1.1\jakarta.annotation-api-2.1.1.jar;C:\Users\krist\.m2\repository\org\jboss\resteasy\resteasy-client\4.5.8.Final\resteasy-client-4.5.8.Final.jar;C:\Users\krist\.m2\repository\org\jboss\resteasy\resteasy-client-api\4.5.8.Final\resteasy-client-api-4.5.8.Final.jar;C:\Users\krist\.m2\repository\org\jboss\resteasy\resteasy-core-spi\4.5.8.Final\resteasy-core-spi-4.5.8.Final.jar;C:\Users\krist\.m2\repository\org\reactivestreams\reactive-streams\1.0.3\reactive-streams-1.0.3.jar;C:\Users\krist\.m2\repository\jakarta\validation\jakarta.validation-api\2.0.2\jakarta.validation-api-2.0.2.jar;C:\Users\krist\.m2\repository\org\jboss\spec\javax\annotation\jboss-annotations-api_1.3_spec\2.0.1.Final\jboss-annotations-api_1.3_spec-2.0.1.Final.jar;C:\Users\krist\.m2\repository\com\sun\activation\jakarta.activation\1.2.1\jakarta.activation-1.2.1.jar;C:\Users\krist\.m2\repository\org\jboss\resteasy\resteasy-core\4.5.8.Final\resteasy-core-4.5.8.Final.jar;C:\Users\krist\.m2\repository\com\ibm\async\asyncutil\0.1.0\asyncutil-0.1.0.jar;C:\Users\krist\.m2\repository\org\eclipse\microprofile\config\microprofile-config-api\1.4\microprofile-config-api-1.4.jar;C:\Users\krist\.m2\repository\io\smallrye\config\smallrye-config\1.6.1\smallrye-config-1.6.1.jar;C:\Users\krist\.m2\repository\io\smallrye\config\smallrye-config-common\1.6.1\smallrye-config-common-1.6.1.jar;C:\Users\krist\.m2\repository\org\jboss\logging\jboss-logging\3.3.2.Final\jboss-logging-3.3.2.Final.jar;C:\Users\krist\.m2\repository\org\apache\httpcomponents\httpclient\4.5.12\httpclient-4.5.12.jar;C:\Users\krist\.m2\repository\org\apache\httpcomponents\httpcore\4.4.13\httpcore-4.4.13.jar;C:\Users\krist\.m2\repository\commons-logging\commons-logging\1.2\commons-logging-1.2.jar;C:\Users\krist\.m2\repository\commons-codec\commons-codec\1.13\commons-codec-1.13.jar;C:\Users\krist\.m2\repository\org\jboss\spec\javax\ws\rs\jboss-jaxrs-api_2.1_spec\2.0.1.Final\jboss-jaxrs-api_2.1_spec-2.0.1.Final.jar;C:\Users\krist\.m2\repository\org\jboss\resteasy\resteasy-jaxrs\3.0.4.Final\resteasy-jaxrs-3.0.4.Final.jar;C:\Users\krist\.m2\repository\org\jboss\resteasy\jaxrs-api\3.0.4.Final\jaxrs-api-3.0.4.Final.jar;C:\Users\krist\.m2\repository\org\slf4j\slf4j-simple\1.5.8\slf4j-simple-1.5.8.jar;C:\Users\krist\.m2\repository\org\slf4j\slf4j-api\1.5.8\slf4j-api-1.5.8.jar;C:\Users\krist\.m2\repository\org\scannotation\scannotation\1.0.3\scannotation-1.0.3.jar;C:\Users\krist\.m2\repository\javassist\javassist\3.12.1.GA\javassist-3.12.1.GA.jar;C:\Users\krist\.m2\repository\org\jboss\spec\javax\annotation\jboss-annotations-api_1.1_spec\1.0.1.Final\jboss-annotations-api_1.1_spec-1.0.1.Final.jar;C:\Users\krist\.m2\repository\javax\activation\activation\1.1\activation-1.1.jar;C:\Users\krist\.m2\repository\net\jcip\jcip-annotations\1.0\jcip-annotations-1.0.jar;C:\Users\krist\.m2\repository\org\projectlombok\lombok\1.18.20\lombok-1.18.20.jar;C:\Users\krist\.m2\repository\jakarta\platform\jakarta.jakartaee-api\10.0.0\jakarta.jakartaee-api-10.0.0.jar;C:\Users\krist\.m2\repository\jakarta\platform\jakarta.jakartaee-web-api\10.0.0\jakarta.jakartaee-web-api-10.0.0.jar;C:\Users\krist\.m2\repository\jakarta\servlet\jakarta.servlet-api\6.0.0\jakarta.servlet-api-6.0.0.jar;C:\Users\krist\.m2\repository\jakarta\servlet\jsp\jakarta.servlet.jsp-api\3.1.0\jakarta.servlet.jsp-api-3.1.0.jar;C:\Users\krist\.m2\repository\jakarta\el\jakarta.el-api\5.0.1\jakarta.el-api-5.0.1.jar;C:\Users\krist\.m2\repository\jakarta\servlet\jsp\jstl\jakarta.servlet.jsp.jstl-api\3.0.0\jakarta.servlet.jsp.jstl-api-3.0.0.jar;C:\Users\krist\.m2\repository\jakarta\faces\jakarta.faces-api\4.0.1\jakarta.faces-api-4.0.1.jar;C:\Users\krist\.m2\repository\jakarta\ws\rs\jakarta.ws.rs-api\3.1.0\jakarta.ws.rs-api-3.1.0.jar;C:\Users\krist\.m2\repository\jakarta\websocket\jakarta.websocket-api\2.1.0\jakarta.websocket-api-2.1.0.jar;C:\Users\krist\.m2\repository\jakarta\websocket\jakarta.websocket-client-api\2.1.0\jakarta.websocket-client-api-2.1.0.jar;C:\Users\krist\.m2\repository\jakarta\json\jakarta.json-api\2.1.0\jakarta.json-api-2.1.0.jar;C:\Users\krist\.m2\repository\jakarta\ejb\jakarta.ejb-api\4.0.1\jakarta.ejb-api-4.0.1.jar;C:\Users\krist\.m2\repository\jakarta\transaction\jakarta.transaction-api\2.0.1\jakarta.transaction-api-2.0.1.jar;C:\Users\krist\.m2\repository\jakarta\persistence\jakarta.persistence-api\3.1.0\jakarta.persistence-api-3.1.0.jar;C:\Users\krist\.m2\repository\jakarta\interceptor\jakarta.interceptor-api\2.1.0\jakarta.interceptor-api-2.1.0.jar;C:\Users\krist\.m2\repository\jakarta\enterprise\jakarta.enterprise.cdi-api\4.0.1\jakarta.enterprise.cdi-api-4.0.1.jar;C:\Users\krist\.m2\repository\jakarta\enterprise\jakarta.enterprise.lang-model\4.0.1\jakarta.enterprise.lang-model-4.0.1.jar;C:\Users\krist\.m2\repository\jakarta\inject\jakarta.inject-api\2.0.1\jakarta.inject-api-2.0.1.jar;C:\Users\krist\.m2\repository\jakarta\authentication\jakarta.authentication-api\3.0.0\jakarta.authentication-api-3.0.0.jar;C:\Users\krist\.m2\repository\jakarta\security\enterprise\jakarta.security.enterprise-api\3.0.0\jakarta.security.enterprise-api-3.0.0.jar;C:\Users\krist\.m2\repository\jakarta\jms\jakarta.jms-api\3.1.0\jakarta.jms-api-3.1.0.jar;C:\Users\krist\.m2\repository\jakarta\mail\jakarta.mail-api\2.1.0\jakarta.mail-api-2.1.0.jar;C:\Users\krist\.m2\repository\jakarta\resource\jakarta.resource-api\2.1.0\jakarta.resource-api-2.1.0.jar;C:\Users\krist\.m2\repository\jakarta\authorization\jakarta.authorization-api\2.1.0\jakarta.authorization-api-2.1.0.jar;C:\Users\krist\.m2\repository\jakarta\batch\jakarta.batch-api\2.1.1\jakarta.batch-api-2.1.1.jar;"/>
    <property name="sun.cpu.endian" value="little"/>
    <property name="user.home" value="C:\Users\krist"/>
    <property name="user.language" value="da"/>
    <property name="java.specification.vendor" value="Oracle Corporation"/>
    <property name="java.version.date" value="2022-10-18"/>
    <property name="java.home" value="C:\Users\krist\.jbang\currentjdk"/>
    <property name="file.separator" value="\"/>
    <property name="basedir" value="C:\Users\krist\Documents\Software Projects\DTU-Pay-Grp11-3\end-to-end-tests"/>
    <property name="java.vm.compressedOopsMode" value="Zero based"/>
    <property name="line.separator" value="&#10;"/>
    <property name="java.specification.name" value="Java Platform API Specification"/>
    <property name="java.vm.specification.vendor" value="Oracle Corporation"/>
    <property name="java.awt.graphicsenv" value="sun.awt.Win32GraphicsEnvironment"/>
    <property name="surefire.real.class.path" value="C:\Users\krist\AppData\Local\Temp\surefire17698658730351193256\surefirebooter6034593241892111076.jar"/>
    <property name="user.script" value=""/>
    <property name="sun.management.compiler" value="HotSpot 64-Bit Tiered Compilers"/>
    <property name="java.runtime.version" value="11.0.17+8"/>
    <property name="user.name" value="krist"/>
    <property name="path.separator" value=";"/>
    <property name="os.version" value="10.0"/>
    <property name="java.runtime.name" value="OpenJDK Runtime Environment"/>
    <property name="file.encoding" value="Cp1252"/>
    <property name="java.vm.name" value="OpenJDK 64-Bit Server VM"/>
    <property name="java.vendor.version" value="Temurin-11.0.17+8"/>
    <property name="localRepository" value="C:\Users\krist\.m2\repository"/>
    <property name="java.vendor.url.bug" value="https://github.com/adoptium/adoptium-support/issues"/>
    <property name="java.io.tmpdir" value="C:\Users\krist\AppData\Local\Temp\"/>
    <property name="java.version" value="11.0.17"/>
    <property name="user.dir" value="C:\Users\krist\Documents\Software Projects\DTU-Pay-Grp11-3\end-to-end-tests"/>
    <property name="os.arch" value="amd64"/>
    <property name="java.vm.specification.name" value="Java Virtual Machine Specification"/>
    <property name="java.awt.printerjob" value="sun.awt.windows.WPrinterJob"/>
    <property name="sun.os.patch.level" value=""/>
    <property name="java.library.path" value="C:\Users\krist\.jbang\currentjdk\bin;C:\Windows\Sun\Java\bin;C:\Windows\system32;C:\Windows;C:\Windows\system32;C:\Windows;C:\Windows\System32\Wbem;C:\Windows\System32\WindowsPowerShell\v1.0\;C:\Windows\System32\OpenSSH\;C:\Program Files (x86)\NVIDIA Corporation\PhysX\Common;C:\Program Files\NVIDIA Corporation\NVIDIA NvDLISR;C:\Program Files\PuTTY\;C:\Program Files\Git\cmd;C:\Program Files\nodejs\;C:\Program Files\Maven\apache-maven-3.8.7\bin;;C:\Program Files\Docker\Docker\resources\bin;C:\Users\krist\.jbang\bin;C:\Users\krist\.jbang\currentjdk\bin;C:\Users\krist\AppData\Local\Microsoft\WindowsApps;C:\Program Files (x86)\Nmap;C:\Users\krist\AppData\Local\Programs\Microsoft VS Code\bin;C:\Users\krist\AppData\Roaming\npm;."/>
    <property name="java.vm.info" value="mixed mode"/>
    <property name="java.vendor" value="Eclipse Adoptium"/>
    <property name="java.vm.version" value="11.0.17+8"/>
    <property name="sun.io.unicode.encoding" value="UnicodeLittle"/>
    <property name="java.class.version" value="55.0"/>
  </properties>
  <testcase name="Merchant makes Payment" classname="e2eTest.CucumberTest" time="1.677"/>
  <testcase name="Merchant registration" classname="e2eTest.CucumberTest" time="0.048"/>
  <testcase name="Customer registration" classname="e2eTest.CucumberTest" time="0.044"/>
  <testcase name="Manager wants a report for all Payments" classname="e2eTest.CucumberTest" time="0.162"/>
  <testcase name="Customer wants a report of all their payments" classname="e2eTest.CucumberTest" time="0.116"/>
  <testcase name="Merchant wants a report of all their payments" classname="e2eTest.CucumberTest" time="0.116"/>
</testsuite>